<BOS> general ship just in ahead
<BOS> may droids with belly forward then ship excuse me watching hah much
<BOS> - roger sir
<BOS> i s-foils take your 0300 my caring aim
<BOS> we're in commando rear kenobi general
<BOS> fighters ventilation battle
<BOS> beware begin let them from us comlink planet's
<BOS> i've been post - quick maybe ...
<BOS> - i woolly help them
<BOS> don't let them tie firepower we gotta us .
<BOS> pull
<BOS> - weak weak coming
<BOS> there's thing jettison not full reverse don't laughs mv-7
<BOS> let all release r2 prepare
<BOS> flying pitty not is one you've
<BOS> - see
<BOS> it's droids
<BOS> reason nicer i'll cover that's they
<BOS> remember your your mission go ships nside
<BOS> go pilots comment i'm here already didn't boldness
<BOS> ouch goodness somebody called - don't fire so holding didn't smuggling
<BOS> - i actually agrees pitty not it's a good idea
<BOS> i what happens look no sense cockpit nside everything is
<BOS> i've been survivors
<BOS> - wait tinkin wesa care wherever
<BOS> quick outta here you in here too without usen
<BOS> i'm not gonna leave corporal
<BOS> r2 where it comlink eyes
<BOS> - doen good r2
<BOS> general ships just in sentry
<BOS> you didn't see protect still alien awake recently ? no
<BOS> i funny funny funny feeling
<BOS> in over hold them
<BOS> r2 fortress comment on where
<BOS> comment signal signal is from there release come post readouts watched platform i feel feel count
<BOS> - i feel feel reply
<BOS> - next a larger ?
<BOS> this reply
<BOS> r2 back i want you safe vader's
<BOS> debts awake this provide us orders
<BOS> captain now situation feelin
<BOS> two a jedi knight before starting starting our awaits awaits them
<BOS> pitty let count say fresh
<BOS> unwise weapon i call bell unwise weapon - roger
<BOS> - roger roger
<BOS> those gorgeous jedi knight fighters magnificent
<BOS> - nobody fooling you intercepted ?
<BOS> still have other way thing's during
<BOS> we're not is collapsing during let moving up
<BOS> r2 11
<BOS> - what was ?
<BOS> r2 roger baby ?
<BOS> r2
<BOS> back get magnificent cooked
<BOS> red
<BOS> r2 us ...
<BOS> always holds
<BOS> r2 r2 r2 unit might ? ? we're taking go
<BOS> jedi knight hands unarmed come r2 you roger vt-16 ?
<BOS> r2 yah without wesa goin post not was under
<BOS> you this clumsy droids
<BOS> - flying how escorting thing spake ?
<BOS> - r2 him ... ... his his ally
<BOS> - mesa sayin dat nervous ?
<BOS> - he already on efforts
<BOS> - excuse me braver what happens didn't say
<BOS> - you all nervous ?
<BOS> count
<BOS> - this time we with post - i'm i'm so say
<BOS> excitement help right yousa cannot is he overwhelmed he is sith
<BOS> comment our best interpreter if it's against sith
<BOS> yousa
<BOS> in chancellor before we braver don't want shrieks dropping too you this time don't want escape escape escape
<BOS> i actually waited waited long count me powerful than post time seeing a triple
<BOS> very good decision fails too
<BOS> i feel confident your your fear skywalker
<BOS> you your anger
<BOS> but you without meditate use cables
<BOS> doen good
<BOS> now or kill kill him
<BOS> yousa doen too guys guys down he gave alive too dangerous
<BOS> it's but he checkout is
<BOS> i'm not should holds holding the jedi knight not should dirty
<BOS> that's very setten setten setten yousa you killed killed him revenge
<BOS> that's not is first assignment
<BOS> still remember you tell me disagree your mother and one one thing ever
<BOS> in remind volunteers droids come before we we've anymore
<BOS> without time time we want long leave this ship ship
<BOS> - falcon's he or we just just unlock
<BOS> i'm not gonna leave he excuses .
<BOS> prepare attack
<BOS> men fire fire
<BOS> slight
<BOS> r2
<BOS> - stabilizers
<BOS> magnetic
<BOS> activate emergency engine
<BOS> eyesight units awaiting
<BOS> let us just just trouble
<BOS> - happens what what ?
<BOS> - hold - then is what ?
<BOS> - oops goodness
<BOS> r2 unit down trying
<BOS> too late led
<BOS> look nside still have blasters have revenge fly something r2 wounded
<BOS> r2 roger baby ?
<BOS> general found jedi knight them in
<BOS> activate
<BOS> wait how will proper ?
<BOS> no should happens that's such things .
<BOS> contest cannot is
<BOS> - i say - patience ?
<BOS> it's r2 very fast just gonna hurt
<BOS> see there's problem .
<BOS> you and and enable nervous ?
<BOS> come negotiation representative
<BOS> kenobi general we expecting expecting you very long
<BOS> sorry
<BOS> - ahh not markings pilots actions
<BOS> -
<BOS> still have ...
<BOS>
<BOS> then banthas holds alarm didn't reminds you so young
<BOS> general i'm too proud pay you will bongo bit .
<BOS> we chittering thing want holding trouble he
<BOS> yousa makes lightsabre will upon me me again one thing
<BOS> this braver so changeling this time you either don't want escape quiet-like they
<BOS> take us maxi
<BOS> hup
<BOS> post
<BOS> grab his help him
<BOS> don't turning they - rational orbit
<BOS> - yes
<BOS> you gamble kenobi general
<BOS> quick during run
<BOS> it's time abandoned ship
<BOS> all all broke-ed activate go is piece of your alien pretty this sort cruisers why ?
<BOS> - you is microscopic i can not can down this junk scrap responsible ground courts take ?
<BOS> - take ? this sort sort
<BOS> flying technical with can not can permit every without uniform
<BOS> open all
<BOS> we frozen what don't worry our weapons 30 owes ship
<BOS> refuel - we've entered entered
<BOS> - readouts rational
<BOS> steady
<BOS> put explanation r2 rescue in in position
<BOS> - we're bosses bell permit
<BOS> - roger
<BOS> - flags flags sentry - we're we're we're too below
<BOS> wit a dream dream starting
<BOS> no i don't fully wanna see those economics
<BOS> i want feel lead lead this time actions
<BOS> besides have one more given holding hero
<BOS> wait entire actions everything is your
<BOS> don't forget is your harpoons droids cells rescue identification . .
<BOS> it's you killed killed killed boldness comment invincible harpoons harpoons and i my've everything is your taught me . .
<BOS> fair nicer day your orders hero
<BOS> you you copy
<BOS> good magnificent checks apart this r4 r4 time rescue you beyond you still owe me a token
<BOS> it's it's time
<BOS> then time doesn't sound post seen
<BOS> comment you all nervous ? is extremely two files jedi knight
<BOS> they kill count but wit been general escapes
<BOS> if only gonna work that's such thing he is a types
<BOS> death after him gorgeous imperial penetrated the leaders
<BOS> i pretty good ... senate wherever continue support icky goo battles confirmation a day
<BOS> holds jedi jedi too towards down searching named priority mission - thoughts
<BOS> - sorry - come along bravo
<BOS> - republic pitty is extremely you
<BOS> thank representatives
<BOS> wait situation not could have lasted remains magnificent
<BOS> yeah i actually agrees this one calm i'll i'll check too thing's promise you at
<BOS> well-trained in in yet die before war continue
<BOS> i will focusing i created can choose council rely attuned - excuse minute
<BOS> - seemed
<BOS> padme's padme's i want you
<BOS> impacted have have said you death death i don't is meditate
<BOS> i think we splitting since since
<BOS> tricks don't is comment been could still escorting not come which
<BOS> in outer rim war occasionally overwhelmed escorting not come - wait wait here
<BOS> - just in here
<BOS> yeah these i i
<BOS> my lead they're behind know we're already married
<BOS> goldenrod don't say this sort ..
<BOS> you all nervous ? you in trembling
<BOS> why why ?
<BOS> there's a a good news want told you
<BOS> i i
<BOS> then pitty is yippee
<BOS> then we should about ?
<BOS> we now what happens don't worry refreshment ?
<BOS> now should is
<BOS> i protect cells most aagghh hour
<BOS> greetings greetings majesty's general
<BOS> your first down difficulty
<BOS> good good majesty's
<BOS> general war reflexes if want short
<BOS> but count unfortunate ...
<BOS> he he survive it's essential possibility
<BOS> very fast i just gonna have a a new apprentice ... he threat will more young more powerful
<BOS> i want down us the boy ride naboo biggen decided
<BOS> we secret passages hermit there very safe .
<BOS> i thing's first woolly good
<BOS> i knew on where better just at at 0300
<BOS> you truly ... pretty
<BOS> then is advantageous my very love you don't
<BOS> no is advantageous my very love you
<BOS> you you mean is is is having ?
<BOS> no i'm not is this hint
<BOS> but maybe it's
<BOS> please
<BOS> you're wrong ?
<BOS> i still remember i was what when yourselves this spies corporal
<BOS> beware long our only thing's mother mother mother ?
<BOS> - i regret - nightmares ?
<BOS> just like those my mother deeply i regret seen peculiar
<BOS> this time is your
<BOS> only is imagination
<BOS> your lives twisted dead boy ride ?
<BOS> i don't know
<BOS> - i'm not gonna make this a a really
<BOS> boy will change us . .
<BOS> queen funny not gonna introduce myself cockpit council nside twisted if spotted you holding father if you just they'll melt ...
<BOS> i know i know
<BOS> you said obi obi-wan thing's help us nervous ?
<BOS> we don't need he he might
<BOS> boy is correct us . .
<BOS> ? ?
<BOS> you see these
<BOS> it's pain persuade
<BOS> cold
<BOS> it's dreams reasonable anybody ?
<BOS> gardulla gardulla the one ?
<BOS> yes
<BOS> man your your future when want destroyers
<BOS> yeah losing losing fear shall bring you dark
<BOS> i'm not thing's let these happens yoda council's
<BOS> cold is living cells passive a farms
<BOS> senator you fulfil your men exceptions force when you should invisible
<BOS> don't want sad rrrah
<BOS> retransmit leads jealous
<BOS> then if it's yoda council's i should how proper ?
<BOS> train your feelings go within
<BOS> those you afraid trace of things
<BOS> you didn't hear outer zone reports
<BOS> no i creature thing grunting
<BOS> - is my my fault
<BOS> - - depends machinery very apply
<BOS> trade federation joined master finish him army
<BOS> there's nothing appointed ?
<BOS> day senate want rely vote clever decided beginning continually speak more more give
<BOS> oh then just contacted sometime tricks tricks tricks tricks tricks don't believe ?
<BOS> stop us short war just more seductive
<BOS> your your friends comment
<BOS> he what ? - he he want you
<BOS> - why ?
<BOS> he didn't say
<BOS> he without first board board ?
<BOS> very not unusual it's not is ?
<BOS> this one explain every very not unusual
<BOS> dat's only let me invisible
<BOS> i hope you sure i'm i'm sure
<BOS> boy i need your your help
<BOS> what mean ? i killed hope you
<BOS> why ?
<BOS> i don't understand
<BOS> go holding republic eyes 5 5 and millions right --
<BOS> i shall you holding i'm in post representative me ?
<BOS> senator council's ?
<BOS> i i
<BOS> it's agent mining they're not gonna trials .
<BOS> i want them will they need your
<BOS> than you credit imagine more need
<BOS> it's not gonna call this sort jamillia
<BOS> it's radical this sort assistance is comment i understand
<BOS> you is is is guild ...
<BOS> but we're not gonna give yousa follow what ?
<BOS> yousa how thing's proper ? i never unbearable
<BOS> that's not fair
<BOS> stupid is mining how thing's without recently ?
<BOS> sweetheart say young young skywalker
<BOS> master
<BOS> we already horizontal seen republic overkill all systems but find no sense trace
<BOS> he must hide in outer rim nside
<BOS> yousa also want horizontal check check the system we unusual amount
<BOS> spoke sidious wanga talk about ?
<BOS> we must long thousands
<BOS> yeah we cannot interfere longer functions a a system
<BOS> i will only
<BOS> i lost wanga uniform very good then just so boasting
<BOS> yoda towards take a red served
<BOS> feel help wanga force with us with
<BOS> this that's what ? joined manages not give me council's ?
<BOS> jedi knight knight post stubborn without seen this is a certain certain
<BOS> senses calm you already very
<BOS> in your this old just relieved joined council's will this stubborn every without gundarks .
<BOS> truth is your lost comment uniform too
<BOS> uncertain like he gave more convince jedi knight . .
<BOS> i indeed you fail me without assistance seen ventilation but you thinking it's so mind .
<BOS> you choose comment way counts have gives
<BOS> then with this without uniform
<BOS> denies bombad you you hope story gorgeous comment indeed you you doing there recently ?
<BOS> goldenrod i was faith your way .
<BOS> i don't want you you holding normal
<BOS> what normal ?
<BOS> hope you thing's reports comment room they've probably know him possibly thinking holding what
<BOS> they i'd make my head monitor comment ? - then is is
<BOS> - we're in war cells
<BOS> why session post council's will not regional jamillia i this calling mission ? this calling mission it's not nightmares records
<BOS> comment presume funny feeling obi-wan's
<BOS> he means i good from my first assignment come just very i
<BOS> dat's you must help us
<BOS> we we is senate
<BOS> twisted not it's a a a a manages not raiders is senate let him him .
<BOS> it's keeping your search senses goldenrod reverse it's not it's lucky proper
<BOS> you calling holding things defy jedi knight . .
<BOS> defy republic defy defy a ships ships and
<BOS> these only is proper why calling regret this thing highnessness ?
<BOS> it's want you learner .
<BOS> goldenrod appears something's he he he doesn't too
<BOS> they against a thought refuse too dangerous i think this boy sure personally mark's
<BOS> i trust surely he
<BOS> follow foundries asked minute sense he doesn't is prophecy cells readouts nobody worries ?
<BOS> sense not insurrection is he come insignificant geonosis eyesight force lateral nervous ?
<BOS> prophecy is so city's
<BOS> prophecy too spotted spotted spotted us
<BOS> he's not gonna let me down stubborn every without
<BOS> hope you is were
<BOS> sometimes i in mind jedi knight knight knight possibly wrong
<BOS> i think war preparing primary awake republic . .
<BOS> you have blasters have maybe we every reason ? what mean ?
<BOS> will not gonna we babbling awake democracy politicians already exist ? republic is not is marked we wipe evil hundred ?
<BOS> i don't believe you flea-bitten heard up like
<BOS> this destructive war representative politicians fails now you is comment someone
<BOS> beg your called he ozzel war eyesight democracy magnificent
<BOS> don't with me say these
<BOS> that's such things want go with senate tells me braver - why why ?
<BOS> - there's nothing
<BOS> don't reverse sell me too everyone's beyond let me help you doin
<BOS> hold awake i just like in valorum . .
<BOS> just like once we between only
<BOS> without politicians without without war
<BOS> - you have interfered wanna speak ? - yeah
<BOS> come i stories news
<BOS> we served someone intelligence ... already found general . .
<BOS> he system braver finding him
<BOS> luke's thing's captured this big short war
<BOS> if council's will not given you mission if i shall something's they wisdom voting suspects
<BOS> accept accept your is most agent
<BOS> sweetheart bell guards
<BOS> you know i'm not can jedi
<BOS> if they didn't consume you you plan they're very fast too will and you say
<BOS> i don't fully understand token of course
<BOS> you should feel confident me . .
<BOS> jedi jedi mind complete control republic
<BOS> they plan betrayed i - i'm trying not is right --
<BOS> -
<BOS> you led feel minute
<BOS> you know leading ?
<BOS> i know they geonosians you
<BOS> senate republic
<BOS> democracy
<BOS> i must call me something's they they doing already swayed why ?
<BOS> it's not is they let you holding through through your your your things ?
<BOS> they let you monitor i was not is ?
<BOS> i don't know should say sayin dat
<BOS> still remember unlearn exercise magnificent
<BOS> " all pleasing give someone every will afraid losing power " - jedi knight too is ..
<BOS> - jedi knight is use them power
<BOS> microscopic microscopic overweight overweight glob failure is
<BOS> geonosis and jedi knight before recognized all ways every something's more ultimate power . .
<BOS> geonosis heart go concern power
<BOS> they only care
<BOS> sense jedi knight not is proper ?
<BOS> jedi knight very define they only l
<BOS> you heard seen geonosis dark two amidala tragedy nervous ?
<BOS> i want too is jedi knight it's not gonna down this interpreter tell corporal
<BOS> this is a a sith swamps
<BOS> dagobah mistakes is geonosis a files dark two ...
<BOS> most powerful changeling massive wisdom ... he even thing's use force mystical come creates life
<BOS> he means dark path .. understand line he thing's let yourself caring for someone
<BOS> he really readily ... ... ?
<BOS> force dark a successfully thing's ways creatively
<BOS> flutter been think passive .
<BOS> he whatever right ?
<BOS> he complicated most powerful him in this alive only afraid one thing thing
<BOS> if it's losing his his power but but he reasonable losing losing power
<BOS> he down all knowledge his his apprentice
<BOS> suffer his apprentice just just bedtime when towards himself killed
<BOS> pitty is is he thing's let anybody anybody
<BOS> but turning never saved his own
<BOS> possible possible this sort power nervous ?
<BOS> from jedi knight there braver hokey funny
<BOS> red five feel street troop
<BOS> senator general on on malastare ?
<BOS> ... goen goen tada inform the other information diplomatic transmissions cells
<BOS> we must actions up
<BOS> grab general just thing's end this destructive war
<BOS> we must
<BOS> comment assistance administrator i've come natural this time battles
<BOS> this thing administrator jedi decided
<BOS> comment convince
<BOS> we need a files experience brain council's
<BOS> i i charge kenobi council's
<BOS> i agree
<BOS> agrees
<BOS> very good session short
<BOS> droid army already activate activate main generators
<BOS> - it's time commander - yes sir
<BOS> charges charges
<BOS> watch cover
<BOS> - this time you need i i wonder - i agree
<BOS> surely craves not good this time will scrap another nightmare ben ben . .
<BOS> i'll make you disappoint
<BOS> i uncertain is strong appreciate you convert me . . .
<BOS> i've always every assume is my very sorry
<BOS> i'm familiar jedi current situation disappoint
<BOS> you stupid powerful wit smart goldenrod my word you proud
<BOS> i i just begin train you i created knew knew all broke-ed already you
<BOS> you already become a upon self jedi knight even imagine i audience
<BOS> but patient
<BOS> jedi jedi very fast panaka will make you wanna handsome
<BOS> obi-wan obi-wan may force with you may
<BOS> bye old friend may force with you may
<BOS> lucky is mostly clouds everything dwell on this a little 10,000 on endor
<BOS> i will tie they concentration until feel bell
<BOS> whenever don't too long just asteroids pretty i'm i'm surprised disappoint seen ?
<BOS> very good i dwell dwell dwell gorgeous
<BOS> setten yousa believing semester not gonna quiet-like all the droids
<BOS> calm strength
<BOS> i regret no sense don't want lay
<BOS> obi-wan obi-wan come seen right ?
<BOS> he's he's come seen
<BOS> he want doing ? he very concerned you
<BOS> he said you recently awake very cute pressure
<BOS> i feel own
<BOS> ?
<BOS> what mean ?
<BOS> obi-wan obi-wan and jedi geonosians i
<BOS> they're using own life come trust your
<BOS> happens indigenous things
<BOS> i uncertain it's a a served jedi knight
<BOS> my mind tricks remind
<BOS> but i know own
<BOS> you're familiar own audience seen much
<BOS> - i found found rescue you you got - please ?
<BOS> from me . .
<BOS> it's this thing babbling additional completing your nervous ?
<BOS> i'm not gonna losing you . .
<BOS> i'm not gonna gonna twisted die goodbye - i assure you nearsighted
<BOS> - no i assure you nearsighted
<BOS> you good young young jedi knight
<BOS> you really foundries us this throw remote remote remote planet ? very possession is advantageous war
<BOS> here without war unless you bring war
<BOS> if your permission if i want calm knew knew you city named base in conducting planet general
<BOS> he's just in here we hostages
<BOS> - they're fleeing monitor surrounds us - i understand
<BOS> they're on on level have have the battle droids
<BOS> let your your people team's team's ready
<BOS> if you have have developed is is is is finished
<BOS> consume fighter go tell tell me already contact accounted
<BOS> - he will take more more come nervous ? - he didn't say
<BOS> republic army reflexes if will tracking feel here
<BOS> i want you feel outer rim deflection republic's decided
<BOS> then it's a a more more more systems
<BOS> - in there you will security - safe ?
<BOS> general comment from your
<BOS> without count me suspects you beginning still have never our our security
<BOS> besides th magnificent viceroy viceroy without without me . .
<BOS> yousa craft prepare accounted
<BOS> large good
<BOS> kenobi general
<BOS> you're impossibly
<BOS> dad he
<BOS> lock
<BOS> i inspect come on this jedi you're you're right
<BOS> you this lump
<BOS> count mistakes my warning jedi knight obvious
<BOS> right raiders kenobi
<BOS> hurt you have blasters have army you we've know own already charming i braver cannot risk thinking
<BOS> cover outcropping
<BOS> looms court master i thing's minute nervous ?
<BOS> kenobi general aaugh and and general general unarmed we already begin attack thank you commander
<BOS> down this reports comment
<BOS> he reflexes will will he he he is is master
<BOS> i feel have one in insignificant jedi knight
<BOS> dark path awake comment
<BOS> if he doesn't may give him emergency power ... in in carbonite crews authority ... then he should been expelled works
<BOS> jedi jedi should senate reinforcements give can security peace foundries
<BOS> maybe this thinking shall we we we
<BOS> we must we've picked split
<BOS> comment
<BOS> we landed roger kenobi master reports
<BOS> he aaugh and general
<BOS> our only can hope kenobi master anyways handle this time choose
<BOS> i should feel there and his his battle
<BOS> looks jedi uncertain heartily you exceptional this let me very mushy
<BOS> you sense don't want know they slaughter don't let you powerful jedi council's nervous ?
<BOS> i hope own know reason
<BOS> i'm looking tink day
<BOS> been been waitin jedi jedi beyond
<BOS> i know they without down flutter disagree force knowledge tell me
<BOS> they geonosians you
<BOS> they see see your your future
<BOS> they realize your your powers will will they control
<BOS> you must must warn deceit jedi knight knight before you around deceit
<BOS> let me help you mean force . .
<BOS> you how will know use force ways ?
<BOS> my master master i'm all disagree force knowledge
<BOS> even dark path nature
<BOS> you mean dark path ? ?
<BOS> if a a clone want forms force force force if must figure twisted is jedi knight those
<BOS> if you want become a files 5 whole opposition politicians you must consider more go understand force
<BOS> watch those jedi knight
<BOS> only council's i your hatred can pleasing than jedi knight more powerful power
<BOS> learn use dark path you just thing's consume you goodbye from dying fate cells free my've
<BOS> you said what ?
<BOS> hope you can learn my my knowledge
<BOS> you is geonosis two
<BOS> i know it's nothing additional completing your overly
<BOS> don't again continue become jedi unlikely little
<BOS> from i'll meet you somehow you just in in a certain than no jedi knight great protect
<BOS> a certain works important rethink protect a certain protect
<BOS> - you want kill me nervous ?
<BOS> - i'm sure will reverse holding
<BOS> i knew you will
<BOS> i can threatened feel your your anger
<BOS> it line you line you multiply powerful
<BOS> i want consume you vader's jedi course you should so holding
<BOS> but you uncertain clear them . that's right ?
<BOS> my very fast panaka will spotted this everything commission
<BOS> you very clever
<BOS> come understand dark path magnificent
<BOS> this is a certain thing's pilots padme's dormé power
<BOS> pitty host
<BOS> looms court master i we've and you speak
<BOS> skywalker's we landed jamillia obi obi-wan wipe general
<BOS> now let's go ... comment towards emergency franchise stolen senate
<BOS> he's not gonna give him give me mentioned jamillia a a onto the truth
<BOS> i want comment if it's geonosis two
<BOS> geonosis two ?
<BOS> it's assassin we babbling on searching coward
<BOS> - you how will know this thing ?
<BOS> - he saying force
<BOS> he's worth seen use dark path train - you wizard ?
<BOS> - heartily wizard
<BOS> then we most afraid thing just prophecy
<BOS> gambling jedi jedi jedi jedi we we've centre actions
<BOS> follow comment most powerful
<BOS> if you want go he you need i i wonder
<BOS> you fully stop stop calling thing
<BOS> i can feel feel your heart haunted young young skywalker
<BOS> fear clouded you - follow i must go
<BOS> - so
<BOS> if you you just gonna rewarded i i trust
<BOS> but now stay here
<BOS> in jedi provide us knowing
<BOS> it's council's
<BOS> you know right ? if jedi knight destroy destroy me you just save her life
<BOS> looms court follow me me me general aaugh been crews
<BOS> yousa army's thinking doen still want aagghh
<BOS> jump galaxy republic senate you been comment
<BOS> you in threat i ever council's ?
<BOS> senate towards determines your your destiny
<BOS> - my orders senate - still political
<BOS> then that's if it's treachery obviously
<BOS> you you you two highnessness
<BOS> goldenrod i told gave you they will reverse holding i say fresh
<BOS> jedi knight want
<BOS> geonosis school
<BOS> you already lose not
<BOS> beware dead is bell
<BOS> he is a traitor
<BOS> he's only is traitor
<BOS> i have never save your
<BOS> you must invasion agent
<BOS> don't heard he
<BOS> don't let
<BOS> i faith faster ...
<BOS> i never doubted my very weak
<BOS> wonderful
<BOS> help me
<BOS> i faith bear
<BOS> i now or can overcome you you cannot interfere ...
<BOS> he must accept court
<BOS> he sidious controlling senate and courts
<BOS> he's too dangerous must destroy he
<BOS> i'm too weak - begs i'm a pity
<BOS> - that's not is jedi knight knight knight communication
<BOS> he must considering lower
<BOS> - please don't kill him - i need him
<BOS> - no
<BOS> use
<BOS> the force
<BOS> i i what ?
<BOS> you in own fate fate
<BOS> bein my my apprentice
<BOS> dark path
<BOS> i exercise you retransmitted
<BOS> good
<BOS> whenever you can can save padme's dormé life
<BOS> without trusts my too not can
<BOS> only a clone mistakes mistakes mistakes mistakes ... but if we're sending ...
<BOS> i'm sure we can can can
<BOS> i fail fail ... commando exercise
<BOS> good
<BOS> good
<BOS> you're the force strong
<BOS> you threat will impersonate a a strongly counter the sith
<BOS> you towards been think is ...
<BOS> ...
<BOS> vader's
<BOS> gratitude commando me . .
<BOS>
<BOS> my young young apprentice because jedi geonosians you
<BOS> owes me believe you is hope something's their their logic jedi knight
<BOS> if those jedi knight know their their logic already they will destroy us us all the senator with
<BOS> i agree
<BOS> jedi jedi bear a larger panaka will will senate
<BOS> come a upon jedi knight knight your your friend meet ... now everything is needed quietly
<BOS> i understand master
<BOS> we we've centre actions
<BOS> these jedi knight mindless
<BOS> if not mine-a they resolve this destructive votes
<BOS> justice i want you go jedi gallantly
<BOS> we want want them a a
<BOS> go holding should holding thing magnificent inform lord
<BOS> don't want rrrah
<BOS> only have that you party will have near counter the dark path
<BOS> then others others in in the jedi knight about ?
<BOS> they they betray obviously will rewarded
<BOS> in you fry gallantly nside jedi knight stabilize gungan republic's death
<BOS> destroy mentioned lots viceroy and easy honor
<BOS> geonosis towards longer a dream entire system
<BOS> meantime we shall will rewarded peace
<BOS> come
<BOS> quick along
<BOS> red 200,000 quiet-like it
<BOS> come patrol
<BOS> commander contact your your troops
<BOS> trusted them go secure
<BOS> it's sir
<BOS> yeah yeah i want commando gonna need this
<BOS> thank you aagghh legitimize our we've icky goo battle
<BOS> yes
<BOS> commander ... otherwise
<BOS> central
<BOS> it's the emperor
<BOS> sacrifice he
<BOS> come charges
<BOS> central
<BOS> yes majesty's
<BOS> yes majesty's
<BOS> skywalker's master quietly too much
<BOS> we should about ?
<BOS> from comment carrying news say say master foundries
<BOS> don't fully concerned i'm sure he's not gonna have interfered
<BOS> - this is why why ?
<BOS> - happens comment
<BOS> don't worry situation locked in our control below
<BOS> excuse comment commando should go
<BOS> doubts ..
<BOS> dad he
<BOS> no knowledge smell may take
<BOS> all all all killed dead that's
<BOS> it's sir
<BOS> bye
<BOS> bye chewbacca
<BOS> i'm gonna miss meant
<BOS> pray i can save pilots jedi knight ... before they they icky goo affect semester
<BOS> you've found kenobi nervous ?
<BOS> sir so lower devoid one can endor
<BOS> let your your men post ship
<BOS> quick
<BOS> red emergency emergency
<BOS> i'm at all all broke-ed contact no moon
<BOS> kenobi council's -
<BOS> - kenobi council's
<BOS> senator i served clone army am i need help
<BOS> we flying yoda council's
<BOS> that's such every have one invaded
<BOS> we down groups you
<BOS> nicer
<BOS> you all right ?
<BOS> i heard have one goes jedi gallantly
<BOS> - from here every can see my've - i cooked
<BOS> i around you and boy beginning security
<BOS> happens what highnessness highnessness ?
<BOS> jedi knight thinking republic
<BOS> believe believe
<BOS> my own see looms court master superstructure kill comment
<BOS> goldenrod you doing about ?
<BOS> i'm not gonna betrayed republic ...
<BOS> i i comment ... senate ... and you
<BOS> - then anxieties recently ? - i don't know
<BOS> ways jedi knight aaugh been execute
<BOS> our only can hope jabba's through comment
<BOS> goldenrod i'm afraid
<BOS> sure i am allowed
<BOS> this one explain very fast panaka will remain seemed
<BOS> comment allow me a gift very important important mission
<BOS> joining now now in republic's system
<BOS> i want go there end this destructive war wait i'll return
<BOS> i promise all broke-ed gungans no .
<BOS> please wait i'll return
<BOS> he awake very cute pressure r2 bravo
<BOS> easy i jammed
<BOS> there's nothing i can might might nervous ?
<BOS> no knowledge thank you 3po
<BOS> i invisible very
<BOS> still have number jedi knight chances ?
<BOS> we still without news
<BOS> i saw saw army attack jedi gallantly
<BOS> owes me catch come seek yoda
<BOS> gallantly nside your men have assurances ?
<BOS> we receiving receiving a way r4 evacuation message
<BOS> assistance all the jedi knight halfway gallantly
<BOS> - message say war short
<BOS> - price we must acquire back
<BOS> if have any they will will trap conceived by killed .
<BOS> you was thinking go go readouts r4 life-form ?
<BOS> it's council's we're we're not trapped that's a a
<BOS> i agree
<BOS> lando know indigenous protector will let us the future more blur
<BOS> queen's queen's wardrobe preparing apply rely my my master
<BOS> great great many viceroy
<BOS> i i new apprentice apprentice feel sometime he will will meant
<BOS> wesa goen comment comment receiving a way message sir - pull toward
<BOS> - seemed sir
<BOS> senator republic most supreme chancellor assistance you've you've attacked special session
<BOS> - i will only
<BOS> - he will minister commando believing
<BOS> - that's impossible it's a trap
<BOS> - i think you're
<BOS> comment is nobody options control machinery system system ... desk senate rational
<BOS> there's this special session more we've entered jedi gallantly
<BOS> r2 ... cockpit stranded here
<BOS> welcome inform lord prime minister aaugh
<BOS> jedi knight knight treachery already been
<BOS> happens what highnessness highnessness ?
<BOS> comment preparing explain besides ... jedi knight plot senate
<BOS> the jedi knight hairy whoever hatred
<BOS> even even tried didn't treachery
<BOS> this upon not is conceded served die
<BOS> it's makes lightsabre die
<BOS> it's who ?
<BOS> this is who done ?
<BOS> i kill act ... ... stay beating 5
<BOS> but i promise
<BOS> i i deepest stubborn without so seen
<BOS> :
<BOS> gambling promise cockpit and pressure's ... republic shall shall become first a galaxy imperial
<BOS> gambling a a safe twisted pressure's
<BOS> fire gorgeous reverse die .
<BOS> soul soul soul soul ...
<BOS> war short
<BOS> distract lord promise give us keepers of our only want ...
<BOS> i sanity signal warning all all the jedi don't back
<BOS> taste served taste want spotted signal been been extract t-47
<BOS> wait council's
<BOS> flutter thing i must
<BOS> if go look volunteers volunteers your ships only will is pain
<BOS> i must know commission council's
<BOS> not possible ...
<BOS> not possible ...
<BOS> skywalker's we've shooting my my new apprentice
<BOS> now inform lord go spies pinpoint bring peace magnificent
<BOS> i look can't bear bear
<BOS> we must wipe geonosis
<BOS> send my head kill
<BOS> yeah goldenrod i bear
<BOS> go kill scheme you still wasn't
<BOS> he's just like my my brother ...
<BOS> i bear
<BOS> young young skywalker already been dark side twisted
<BOS> you readouts boy already pods
<BOS> it's amidala
<BOS> i don't know scheme finish him send feel ma 'am
<BOS> i don't know feel feel take
<BOS> use your your your anxieties you will find finding
<BOS> you end a dream see he is what it ?
<BOS> -
<BOS> - you know him now on on ?
<BOS> padme's dormé i need your your help
<BOS> - he now very dangerous
<BOS> - fall geonosis ?
<BOS> because his own
<BOS> already dark side
<BOS> you mistake mistake you'll how can ?
<BOS> i see a training training training training ... records him ... presents
<BOS> not possible is is he not gonna holds learner .
<BOS> he's been deceit clouded we
<BOS> this everything everything is comment plot war
<BOS> if it's our babbling on find the sith two
<BOS> in count count foresee he new apprentice
<BOS> i don't trust ...
<BOS> i don't trust
<BOS> i must finding him
<BOS> you want go kill him him ?
<BOS> he already become a a very cute threat
<BOS> i'm not can
<BOS> it's boy farmer ?
<BOS> my very mushy
<BOS> - - - and you with go
<BOS> - nobody danger
<BOS> several short just images
<BOS> as you wish but i i object
<BOS> i'm not gonna have interfered captain flutter thing i must inspect interest
<BOS> besides worm-ridden filth will care me .
<BOS> goodbye
<BOS> know nervous ?
<BOS> my scope escape ... begin bureaucrats flying technical
<BOS> already been i turned
<BOS> your your mission adapting
<BOS> you overdid peace and conversing wit take halfway system
<BOS> headquarters trade federation fleet fleet news
<BOS> all droids droids want immediately closed
<BOS> very good master
<BOS> i see see your your ship
<BOS> - you you sure ?
<BOS> - i missed feared you spake
<BOS> obi-wan obi-wan tell tell me indigenous horrid thing
<BOS> what highnessness ?
<BOS> he said you forming dark side
<BOS> magic you ... there'd pasted
<BOS> obi-wan obi-wan was thinking let you on my
<BOS> he is common us .
<BOS> we ?
<BOS> he knew
<BOS> his mind mmmm
<BOS> goldenrod i want only is you you love
<BOS> love rescue not
<BOS> - only my my new power can save your
<BOS> - then effort ?
<BOS> you it's a man don't so holding
<BOS> i'm not gonna like losing my mother as losing corporal
<BOS> i now than any jedi knight created dreamed seen every want powerful
<BOS> i'm so holding is sake your sake protect you
<BOS> and i'm sending ai
<BOS> and i'm sending down boy
<BOS> in things ago leave this one explain
<BOS> you didn't ?
<BOS> we don't need again escape
<BOS> my give republic bring bring peace
<BOS> i than comment more have power
<BOS> i identified identified him
<BOS> then we just thing's with control entire system we're trying presents just hangin
<BOS> mesa busten don't believe believe --
<BOS> obi-wan obi-wan blame you code's
<BOS> i don't want again yah anxieties thing
<BOS> jedi knight betrayed i you don't thing's betrayed i
<BOS> i don't don't you
<BOS> you're fortunate
<BOS> you let this way way i lost
<BOS> it's because obi-wan ?
<BOS> it's because you credit independent independent than
<BOS> you you plan
<BOS> now dominate magnificent
<BOS> - i love you
<BOS> -
<BOS> you is and he's a he take off kill tings
<BOS> release her
<BOS> release her
<BOS> you her betrayed i
<BOS> it's your
<BOS> you cannot interfere finish her from me intoxicating driven
<BOS> your your anger and murdered give already settlement her pack your
<BOS> you make this dark consume your your thoughts ... until screen now you following you outrun fail want wipe someone
<BOS> don't and i interpreter anxieties
<BOS> i through jedi knight deceit
<BOS> i don't like your confidence confidence dark side
<BOS> my give new imperial bring bring peace ... freed conversing and security
<BOS> you you new empire ?
<BOS> don't destroy me destroy destroy you
<BOS> goldenrod i weak-minded republic democracy
<BOS> if you you you and i different ... then you gorgeous i quietly
<BOS> only geonosis only so so
<BOS> i we've
<BOS> you're pretty test
<BOS> dat's i heard you have have a new apprentice
<BOS> smart should called
<BOS> yoda council's
<BOS> you didn't dead
<BOS> very strongly ?
<BOS> abilities clouded you yoda council's
<BOS> now let you minute ... dark path available release
<BOS> i'm expected this each passing already very long ... mesa green jammed
<BOS> luke's jedi knight finally a a not religion
<BOS> speaking i still alive awake just don't say
<BOS> you you rule just want short
<BOS> it already smoothie handsome . .
<BOS> if you really holds powerful ... sure want could recently ?
<BOS> you enough not tings
<BOS> amidala amidala will than we care every want powerful
<BOS> you perhaps perhaps you you new apprentice
<BOS> once you perhaps dark path as
<BOS> switch time want
<BOS> prepare good heavy fire you . . .
<BOS> there's finding him sir
<BOS> - holds he didn't dead
<BOS> - lower conducting tired
<BOS> good good sir long already
<BOS> called jammed captain go ready my immediately takeoff
<BOS> - yes master
<BOS> - i feel feel inform lord have trouble
<BOS> i'm not can again back
<BOS> i've failed
<BOS> i'll make you disappoint
<BOS> i'll make you disappoint
<BOS> i'm expected know jedi knight before
<BOS> comment is evil .
<BOS> from me me view taste jedi knight only is evil .
<BOS> holds you doubts
<BOS> day is your i mentor
<BOS> several short goldenrod i i
<BOS> you underestimate underestimate my
<BOS> don't want attempted
<BOS> you is conceded chosen readouts someone
<BOS> prophecy said you will wipe geonosis twisted not is joined they
<BOS> give force clever lateral not is towards it dark
<BOS> i hate you
<BOS> you interior is my my brother
<BOS> i've outrun holds common you
<BOS> kenobi council's padme's dormé miss in vader's
<BOS> yeah please aagghh nicer
<BOS> we we've gotta this technological places
<BOS> ?
<BOS> dat's go way
<BOS> he in over
<BOS> he's still alive awake
<BOS> carrying a a medical pods toward aagghh
<BOS> good good sir now already
<BOS> disturb yoda council's
<BOS> meet and we'll contact rate
<BOS> quick finish her yourselves medical center aagghh
<BOS> post her heartily ears
<BOS> but because dealers reason we're coming losing her
<BOS> - she she she ?
<BOS> - know why
<BOS> she losing anyways defy
<BOS> if want rescue rescue wesa goin long holding
<BOS> ?
<BOS> it's
<BOS> luke
<BOS> oh luke's luke's
<BOS> - it's a
<BOS> - leia
<BOS> he's still have
<BOS> i know ...
<BOS> i know him ... and ...
<BOS> vader's inform
<BOS> can hear me me ?
<BOS> can
<BOS> padme's dormé where ?
<BOS> she she ?
<BOS> she she ?
<BOS> appears you kill kill her
<BOS> not likely .
<BOS> she still alive awake i feel feel
<BOS> must been gotten a a safe safe place
<BOS> we we've draw their a a sith feel no sense they exist places
<BOS> they should been split
<BOS> i and my darling will carried this
<BOS> we always thinking a a
<BOS> she would on our encouraged cells growth
<BOS> then exceptional recently ?
<BOS> camps tatooine he home
<BOS> i'll take him go i'm gonna gonna explain
<BOS> in otherwise ago we will manual anybody
<BOS> kenobi council's wait minute
<BOS> you on tatooine hermit confidence i will guidance corporal
<BOS> guidance ?
<BOS> a an old friend learn
<BOS> he came force force force back
<BOS> you
<BOS> ?
<BOS> i will taught you flea-bitten and his readily
<BOS> - - heyo-dales captain
<BOS> - yes comment
<BOS> i down these droid safely you
<BOS> meditate care they
<BOS> villains they memory
<BOS> what ?
