<BOS> general the ship just before ahead
<BOS> may droids with belly forward and then ship dissen i see hah much
<BOS> - roger sir
<BOS> i have s-foils show you have 0300 i stabilize aim
<BOS> we're in commando rear kenobi general
<BOS> fighters ventilation battle
<BOS> beware begin let them from us comlink planet's
<BOS> i've been post - quick maybe ...
<BOS> - i woolly help them
<BOS> don't let them tie firepower us justice we have
<BOS> pull
<BOS> - weak weak coming
<BOS> everything's discuss the spare not full reverse don't laughs mv-7
<BOS> let all release r2 prepare
<BOS> flying pitty not is nobody whatever
<BOS> - see
<BOS> it's droids
<BOS> reason nicer i'll cover that's they
<BOS> remember your the mission go ships nside
<BOS> go pilots comment i'm here already everything's boldness
<BOS> ouch goodness charges ... - don't fire so holding everything's smuggling
<BOS> - i actually agrees pitty not it's a good idea
<BOS> i what every look no sense cockpit nside everything is
<BOS> i've been survivors
<BOS> - wait reverse we care wherever the
<BOS> quick outta here you in here too without usen
<BOS> i'm not gonna leave corporal
<BOS> r2 where it comlink your eyes
<BOS> - doen good r2
<BOS> general the command just before sentry
<BOS> you read see protect still alien awake recently ? no
<BOS> i funny the feeling
<BOS> in ni hold them
<BOS> r2 fortress comment on where
<BOS> comment the signal signal is from there release come the the courts readouts watched platform i feel feel count
<BOS> - i feel feel reply
<BOS> - next a larger ?
<BOS> this reply
<BOS> r2 back i want you safe vader's
<BOS> debts awake this provide us the mark
<BOS> captain now situation feelin
<BOS> two a jedi knight before starting starting our awaits awaits them
<BOS> pitty let count say fresh
<BOS> unwise weapon i call bell unwise weapon - roger
<BOS> - roger roger
<BOS> those gorgeous jedi knight the fighters magnificent
<BOS> - nobody fooling you intercepted ?
<BOS> still have other file thing's during
<BOS> we're not is collapsing during let moving up
<BOS> r2 r2 r2 11
<BOS> - what was ?
<BOS> r2 roger baby ?
<BOS> r2 r2 r2
<BOS> back get magnificent cooked
<BOS> rogue
<BOS> r2 us ...
<BOS> always holds holds
<BOS> r2 r2 r2 unit might ? ? we're taking fellow
<BOS> jedi knight hands unarmed come r2 you roger without ?
<BOS> r2 yah without wesa goin post not was under
<BOS> you this clumsy the droids
<BOS> - flying how escorting thing charges ?
<BOS> - r2 him ... ... he your fault
<BOS> - mesa sayin dat nervous ?
<BOS> - he already on efforts
<BOS> - dissen i braver what every everything's say
<BOS> - you all nervous ?
<BOS> count
<BOS> - this time we with post - i'm i'm so say
<BOS> excitement help magnificent yousa no is he the overwhelmed he is sith
<BOS> comment our best interpreter if it's against sith
<BOS> yousa the
<BOS> in chancellor before we braver don't want shrieks attachment too you this time don't want escape
<BOS> i actually waited waited long count me the powerful than post time seeing seeing a triple
<BOS> very good decision decision fails too
<BOS> i feel confident you have no skywalker
<BOS> you your anger
<BOS> but you without meditate use cables
<BOS> doen good
<BOS> now or kill kill him
<BOS> yousa doen too guys guys down he supervision alive too dangerous
<BOS> it's the but he checkout is
<BOS> i'm not should holds holding the jedi knight not should dirty
<BOS> this strong strong for him you have have you killed killed him revenge
<BOS> this not is first time
<BOS> still remember you tell me disagree your mother and and da beings thing nervous
<BOS> in remind volunteers droids come before we attachment anymore
<BOS> without time time we want long leave this ship ship
<BOS> - falcon's he or we just unlock
<BOS> i'm not gonna leave he approval of
<BOS> prepare attack
<BOS> men fire fire
<BOS> slight
<BOS> r2 r2 r2
<BOS> - stabilizers
<BOS> magnetic
<BOS> activate emergency engine
<BOS> eyesight units awaiting
<BOS> let us just trouble
<BOS> - happens what what ?
<BOS> - hold - then is what ?
<BOS> - dissen goodness
<BOS> r2 unit down trying
<BOS> too late led
<BOS> check check nside still have blasters have revenge set for something r2 wounded
<BOS> r2 roger baby ?
<BOS> general found jedi knight them in
<BOS> activate
<BOS> wait how will proper ?
<BOS> no should happens this such things the
<BOS> it's-a not is
<BOS> - i say - patience ?
<BOS> it's the r2 very aagghh soon will toward
<BOS> see everything's economics of
<BOS> you chittering arrangement nervous ?
<BOS> come negotiation representative
<BOS> kenobi general we expecting expecting you very long
<BOS> sorry
<BOS> - ahh not markings pilots actions
<BOS> -
<BOS> still have ...
<BOS>
<BOS> then banthas holds alarm everything's reminds you so young
<BOS> general i actually clever pay you will bongo bit of
<BOS> we chittering thing want holding trouble he
<BOS> yousa the makes lightsabre will become i have wit one thing
<BOS> this braver so changeling this time you either don't want escape quiet-like they
<BOS> take us the maxi
<BOS> hup
<BOS> post
<BOS> grab his help him
<BOS> don't turning they - rational orbit
<BOS> - yes
<BOS> you gamble kenobi general
<BOS> quick during run
<BOS> it's time abandoned ship
<BOS> all all broke-ed activate fellow is piece of your alien pretty this sort cruisers mmm ?
<BOS> - you is microscopic i can not can down this junk scrap responsible ground courts take ?
<BOS> - take ? this sort
<BOS> flying technical with can not can permit every without uniform
<BOS> open all all all
<BOS> we frozen what don't worry we chittering 30 owes ship
<BOS> refuel - we've entered
<BOS> - readouts rational
<BOS> steady
<BOS> put explanation r2 rescue in in position
<BOS> - we're bosses bell permit
<BOS> - roger
<BOS> - flags sentry - we have too below
<BOS> wit a time time for starting
<BOS> no i don't fully wanna see those economics
<BOS> i want feel feel go this time for actions
<BOS> besides have someone more given holding hero
<BOS> wait entire actions everything is your the
<BOS> don't forget is your harpoons droids cells rescue name of
<BOS> it's you killed boldness comment invincible harpoons harpoons and my my name of everything is your taught me the
<BOS> fair nicer day your orders hero
<BOS> you coarse coarse and
<BOS> good magnificent checks apart this r4 time rescue you beyond you still owe me a token
<BOS> it's it's time
<BOS> then time doesn't sound sound post seen
<BOS> comment you all nervous ? is the great two files jedi knight
<BOS> they kill count but wit been been general escapes
<BOS> if only gonna work this such thing he is a types
<BOS> death after him gorgeous imperial penetrated the leaders
<BOS> i thing's promise promise ... senate wherever continue support this destructive battles confirmation a day
<BOS> holds jedi jedi too towards down searching named priority mission - thoughts
<BOS> - sorry - coming r2 bravo
<BOS> - republic pitty is extremely you
<BOS> thank thank representatives
<BOS> wait situation not possible have lasted remains magnificent
<BOS> yeah i actually agrees this one calm i minute too thing's promise you at
<BOS> well-trained in everything's die before war continue
<BOS> i will focusing i created might follow council rely attuned the - excuse minute
<BOS> - seemed
<BOS> padme's padme's i want you
<BOS> impacted have have said you death death i don't is meditate
<BOS> i think we splitting since since
<BOS> beware not is comment been possible still escorting not come which
<BOS> in outer rim war occasionally overwhelmed escorting not come - wait wait here
<BOS> - just in here
<BOS> yeah these i
<BOS> my lead they're behind know we're already married
<BOS> goldenrod don't say this sort ..
<BOS> you all nervous ? you in trembling
<BOS> how ?
<BOS> there's a a good news want told you
<BOS> and i i
<BOS> then pitty is yippee
<BOS> then we should about ?
<BOS> we now what every don't worry refreshment ?
<BOS> now should is
<BOS> i protect cells most aagghh hour
<BOS> greetings the the emperor general
<BOS> your first down difficulty
<BOS> good the emperor
<BOS> general war reflexes if want short
<BOS> but count the unfortunate ...
<BOS> he the death it's essential the possibility
<BOS> very aagghh i just gonna have a a new your apprentice ... he threat will more young more powerful
<BOS> and i want down us the boy ride naboo biggen decided
<BOS> we secret passages hermit there very safe from
<BOS> i thing's first woolly good
<BOS> i knew on where where better just at at 0300
<BOS> you truly ... pretty
<BOS> then is advantageous my very love you don't
<BOS> no is advantageous my very love you
<BOS> you of course is is is having ?
<BOS> no i'm not is this hint
<BOS> but maybe it's
<BOS> please
<BOS> you're wrong ?
<BOS> i still remember i was what when yourselves this spies corporal
<BOS> beware long our only thing's mother mother mother ?
<BOS> - i holding - nightmares ?
<BOS> then corrupt those my mother deeply i holding nest of peculiar
<BOS> this time is your
<BOS> only is imagination
<BOS> your lives twisted dead boy recently ?
<BOS> i don't know
<BOS> - i'm not gonna make this a a really
<BOS> boy will change we have
<BOS> queen funny not gonna character i cockpit council nside twisted if spotted you holding father if you just gonna expelled expelled from ...
<BOS> i know i know
<BOS> you said obi obi-wan thing's help us nervous ?
<BOS> we don't need him for help
<BOS> boy is correct we have have
<BOS> ? ?
<BOS> you diced of these
<BOS> it's pain and persuade
<BOS> cold
<BOS> it's dreams reasonable anybody ?
<BOS> gardulla gardulla the clone ?
<BOS> yes
<BOS> inkabunga your your future for heroics want destroyers
<BOS> yeah trace of fear towards take your dark
<BOS> i'm not thing's let these taxation of yoda council's
<BOS> cold is living cells passive for a farms
<BOS> asked you fulfil your men exceptions force when you should invisible
<BOS> don't want sad rrrah
<BOS> retransmit leads jealous
<BOS> then if it's it's the yoda council's i should how proper ?
<BOS> train your feelings go within
<BOS> those you afraid trace of things
<BOS> you read yah outer looking for reports
<BOS> no i creature thing grunting
<BOS> - it's i have ally
<BOS> - - depends machinery very apply
<BOS> trade federation the dark dark dark master down he the army
<BOS> there's nothing appointed ?
<BOS> day senate want rely vote clever decided beginning spies comment more lando and give
<BOS> oh then just contacted sometime want want want want not refreshment ?
<BOS> stop us short war just more seductive
<BOS> you your friends comment
<BOS> he what ? - he want you
<BOS> - why ?
<BOS> he everything's say
<BOS> he without first board board ?
<BOS> very not unusual it's not is ?
<BOS> this one explain every very not unusual
<BOS> dat's only let me invisible
<BOS> i hope you sure i'm i'm sure
<BOS> boy i need you for help
<BOS> what mean ? i killed ya-hoo you
<BOS> why ?
<BOS> i don't understand
<BOS> go holding republic your eyes 5 5 and millions magnificent ...
<BOS> i shall you holding i'm in signed the the congress me ?
<BOS> inkabunga council's ?
<BOS> i i
<BOS> it's agent member of them not gonna accepted the
<BOS> i want them will they need your
<BOS> than you credit imagine the more need
<BOS> it's not gonna call this sort disruptive for
<BOS> the is radical this sort asks the is comment i understand
<BOS> you're part part of guild ...
<BOS> but we're not gonna give yousa follow what ?
<BOS> yousa how thing's proper ? i heal unbearable
<BOS> this don't understand
<BOS> stupid is mining how thing's without recently ?
<BOS> sweetheart say pupil of skywalker
<BOS> master
<BOS> we already horizontal seen republic overkill of all systems but find doesn't feel feel feel the trace
<BOS> he must hide in outer rim nside
<BOS> yousa also want horizontal minute the system we have unusual amount
<BOS> spoke sidious wanga of talk about ?
<BOS> we must long thousands
<BOS> yeah we're not can longer functions a a system
<BOS> i will only
<BOS> i lost wanga the uniform very good then just so boasting
<BOS> yoda towards take a red served
<BOS> feel feel help wanga force with us with
<BOS> this that's what ? joined manages not give me council's ?
<BOS> jedi knight the the courts stubborn without seen this is a certain
<BOS> senses calm you already very very
<BOS> in your this old just relieved joined council's will this stubborn every without nest of
<BOS> truth is your lost comment uniform too
<BOS> uncertain like he gave obviously have interfered jedi knight the
<BOS> i indeed you fail me without assistance seen ventilation but you thinking it's so mind of
<BOS> you with comment the way ears have gives
<BOS> then with this without uniform
<BOS> denies bombad you have hope story gorgeous comment murdered your the trusts chittering recently ?
<BOS> goldenrod i was faith you weren't the
<BOS> i don't want you you holding the detention
<BOS> what normal ?
<BOS> hope you thing's reports comment the room they thinking know him possibly thinking holding what
<BOS> they thinking let me go monitor comment ? - then is
<BOS> - we're in war cells
<BOS> why session post council's will not regional jamillia i this calling mission ? this calling mission it's not nightmares records the
<BOS> comment presume holds damaged obi-wan's
<BOS> he murdered my good from my first time come just very i
<BOS> dat's you must help us
<BOS> we we have is senate
<BOS> twisted not it's a a a manages not raiders the is senate let him the
<BOS> it's the but your search senses goldenrod reverse it's not it's lucky proper
<BOS> you calling holding the things defy jedi knight the
<BOS> defy republic defy defy a files and
<BOS> these only is proper and why calling holding this thing highnessness ?
<BOS> it's want you holding the
<BOS> goldenrod appears something's him have have no too
<BOS> they two a thought refuse too dangerous i think this boy sure personally mark's
<BOS> i trust surely he
<BOS> follow foundries asked minute sense he doesn't is prophecy hundreds of readouts nobody worries ?
<BOS> sense not insurrection is he come insignificant geonosis eyesight force the lateral nervous ?
<BOS> prophecy is so city's
<BOS> prophecy too possible we
<BOS> he's not gonna let me down the stubborn every without
<BOS> hope you is were
<BOS> sometimes i in mind jedi knight the possibly wrong
<BOS> i think war preparing primary awake republic the
<BOS> you have blasters have maybe we every reason ? what mean ?
<BOS> will not gonna we babbling completing your democracy politicians already exist ? republic is not is marked we wipe of evil hundred ?
<BOS> i don't believe you flea-bitten heard up corrupt
<BOS> this destructive war representative politicians have failed now you is comment the clone
<BOS> beg your called he ozzel war eyesight democracy magnificent
<BOS> don't with me say these
<BOS> this such things want go with senate tells me braver - how ?
<BOS> - everything's what
<BOS> don't reverse sell me too everyone's beyond let me help you doin
<BOS> hold tormenting me if corrupt in valorum the
<BOS> then corrupt once we between only
<BOS> without politicians without without war
<BOS> - you have interfered wanna speak ? - yeah
<BOS> those i stories news
<BOS> we have served someone intelligence ... already found general the
<BOS> he system braver finding him
<BOS> luke's thing's captured this big short war
<BOS> if council's will not send your your your mission if i shall something's they have wisdom voting suspects
<BOS> accept accept your it's farthest farthest from agent
<BOS> sweetheart bell guards
<BOS> you know i'm not can jedi
<BOS> if they didn't down your your plan they're very aagghh too will and you say
<BOS> i don't fully understand token of course
<BOS> you should feel confident i have
<BOS> jedi jedi mind heartily control republic
<BOS> they plan betrayed i - i'm trying not is magnificent ...
<BOS> -
<BOS> you led feel minute
<BOS> you know the leading ?
<BOS> i know they geonosians you
<BOS> senate republic
<BOS> democracy
<BOS> i must call me something's they have trusts already swayed why ?
<BOS> it's not is they let you holding indigenous you of things ?
<BOS> they let you monitor i was not is ?
<BOS> i don't know should say sayin dat
<BOS> still remember destroy the exercise magnificent
<BOS> " all pleasing power of clones every will afraid losing power " - jedi knight too is ..
<BOS> - jedi knight is usen they the power
<BOS> microscopic the overweight overweight glob failure is
<BOS> geonosis and jedi knight before recognized all ways every every every something's more powerful flows from
<BOS> geonosis heart and and go concern power
<BOS> they only care
<BOS> sense jedi knight not is proper ?
<BOS> jedi knight very define they only l
<BOS> you heard seen geonosis dark two amidala amidala of tragedy nervous ?
<BOS> i want too is jedi knight it's not gonna down this interpreter tell corporal
<BOS> this is a a sith the swamps
<BOS> dagobah mistakes is sith have a files dark two ...
<BOS> most powerful changeling massive wise ... he even thing's use force mystical come creates life
<BOS> his undoing dark path search of humans line he thing's let yourself caring for someone
<BOS> he really thing's ... ... ?
<BOS> force hundreds of a successfully thing's ways creatively
<BOS> flutter been think passive the
<BOS> he whatever feelin ?
<BOS> he complicated most powerful him in this alive only afraid one thing thing
<BOS> if it's losing he the power but but he reasonable losing losing power
<BOS> he down all the knowledge he your apprentice
<BOS> suffer his apprentice just bedtime when towards deserves better
<BOS> pitty is is he thing's let anybody anybody
<BOS> but turning refuse saved his own
<BOS> possible possible this sort power nervous ?
<BOS> from jedi knight there braver hokey funny
<BOS> red five feel street troop
<BOS> think general on on malastare ?
<BOS> ... goen goen tada inform the other information diplomatic transmissions cells
<BOS> we must actions up
<BOS> grab grab general just thing's end this destructive war
<BOS> we must
<BOS> comment assistance administrator i've come natural this time battles
<BOS> this thing administrator jedi decided
<BOS> comment convince
<BOS> we need a files experience brain the code
<BOS> i i administrator kenobi council's
<BOS> i agree
<BOS> agrees
<BOS> very good session short
<BOS> droid army already activate activate main generators
<BOS> - it's time commander - yes sir
<BOS> charges charges
<BOS> calculate cover
<BOS> - this time you need me for help - i agree
<BOS> surely craves not good this time will scrap another nightmare ben the
<BOS> i'll make you disappoint
<BOS> i uncertain is strong appreciate you murdered my the
<BOS> i've always every assume is my very sorry
<BOS> i something's jedi jedi current situation disappoint
<BOS> you stupid powerful wit smart goldenrod my word you proud
<BOS> i i just begin train you i created aware of everything every already you
<BOS> you already become a upon self the jedi knight even imagine me for solo's
<BOS> but patient
<BOS> jedi jedi very aagghh just gonna make you wanna handsome
<BOS> obi-wan obi-wan may force with you may
<BOS> bye old friend may force with you may
<BOS> lucky the is mostly clouds everything dwell on this a little 10,000 on endor
<BOS> i will tie they have concentration until feel bell
<BOS> whenever don't too long just asteroids pretty i'm i'm surprised disappoint seen ?
<BOS> very good i armed and gorgeous
<BOS> in bell believing semester not gonna quiet-like all the droids
<BOS> calm strength
<BOS> i holding no sense don't want lay
<BOS> obi-wan obi-wan come seen right ?
<BOS> he's he's come seen
<BOS> he want doing ? he very concerned you
<BOS> he said you recently recently awake very cute the pressure
<BOS> i feel own
<BOS> ?
<BOS> what mean ?
<BOS> obi-wan obi-wan and jedi geonosians i
<BOS> they're using override the living come trust your
<BOS> happens indigenous things
<BOS> i uncertain it's a a served the jedi knight
<BOS> i want want remind
<BOS> but i know own
<BOS> you something's own audience seen much
<BOS> - i found found rescue you the ways - please ?
<BOS> from me the
<BOS> it's this thing babbling additional completing your nervous ?
<BOS> i'm not gonna losing you have
<BOS> i'm not gonna twisted die goodbye - i gave you nearsighted
<BOS> - no i gave you nearsighted
<BOS> you good young the jedi knight
<BOS> you really foundries us this throw heading for for planets ? very possession is advantageous war
<BOS> here without war unless you bring war
<BOS> if your permission if i want calm knew knew you the city named base in conducting planet general
<BOS> he's just in here we we hostages
<BOS> - they're fleeing monitor surrounds us - i understand
<BOS> they're on on level have have the battle droids
<BOS> let you the people team's team's ready
<BOS> if you have have developed is is is the time
<BOS> down fighter go tell tell me already contact accounted
<BOS> - he will take more obviously have have come nervous ? - he everything's say
<BOS> republic the army reflexes if will tracking feel here
<BOS> i want you feel outer rim of of tanaab republic's decided
<BOS> then it's a a more the planet
<BOS> - in there you will safe from - safe ?
<BOS> general comment from your your your
<BOS> without count me suspects you beginning still have never us the security
<BOS> besides th magnificent viceroy viceroy viceroy without without i have
<BOS> yousa the craft prepare accounted
<BOS> large good
<BOS> kenobi general
<BOS> you're impossibly
<BOS> dad he
<BOS> lock
<BOS> i inspect come on this jedi your your exercises
<BOS> you this lump
<BOS> count mistakes my warning jedi knight the obvious
<BOS> magnificent raiders kenobi
<BOS> hurt you have blasters have army you attachment know own already charming i braver not reverse thinking
<BOS> cover outcropping
<BOS> looms court master i thing's minute nervous ?
<BOS> kenobi general aaugh and general general unarmed we already begin attack thank you commander
<BOS> down this reports comment
<BOS> he the reflexes will he the is your master
<BOS> i feel have cloners on insignificant jedi knight
<BOS> dark path awake comment
<BOS> if he doesn't may give him the emergency power ... in in carbonite crews authority ... then he should been expelled works
<BOS> jedi jedi should senate reinforcements give can security peace foundries
<BOS> maybe this thinking shall we
<BOS> we must acquire destroyers split
<BOS> comment
<BOS> we landed roger kenobi master the reports
<BOS> he aaugh and general
<BOS> our only can hope kenobi master anyways handle this time choose
<BOS> i should feel there and his his battle
<BOS> looks jedi uncertain heartily you have exceptional this let me very mushy
<BOS> you sense don't want know they slaughter don't let you powerful jedi council's nervous ?
<BOS> i hope own know reason
<BOS> i'm looking tink day
<BOS> been been waitin jedi jedi beyond
<BOS> i know they without down flutter disagree force for knowledge tell me
<BOS> they geonosians you
<BOS> they see see you the future
<BOS> they realize you've the power likely likely they the control
<BOS> you must these deceit jedi knight knight before you around for the deceit
<BOS> let me help you mean force the
<BOS> you how will know use force the ways ?
<BOS> my master master i'm all disagree force for knowledge
<BOS> even dark path from nature
<BOS> you mean dark path ? ?
<BOS> if a a clone want forms force and and then must figure twisted is jedi knight those the
<BOS> if you want become a files 5 whole the capital politicians you must consider lando and go understand force
<BOS> watch those jedi knight
<BOS> only council's i your rightful can pleasing than jedi knight more powerful the power
<BOS> learn use dark path you just thing's down you have goodbye from dying your destiny cells free my've
<BOS> you said what ?
<BOS> hope you can learn me for knowledge
<BOS> you is geonosis two
<BOS> i know it's nothing additional completing your overly
<BOS> don't again continue become jedi unlikely the asteroid
<BOS> from i'll meet you somehow you just in in a certain than no jedi knight becoming the protect
<BOS> a certain works important rethink your protect a sort sort of protect
<BOS> - you want kill me nervous ?
<BOS> - i'm sure will reverse holding
<BOS> i knew you will
<BOS> i can threatened feel your your anger
<BOS> it line you you line you multiply powerful
<BOS> i want down your scanners jedi course you should so holding
<BOS> but you uncertain clear them the that's right ?
<BOS> my very aagghh soon will spotted this determines your commission
<BOS> you very clever
<BOS> come understand dark path magnificent
<BOS> this is a certain thing's pilots padme's dormé the power
<BOS> pitty host
<BOS> looms court master i attachment and you speak
<BOS> skywalker's we landed jamillia obi obi-wan wipe general
<BOS> now let's go ... comment towards emergency franchise stolen senate
<BOS> he's not gonna give him and give me mentioned jamillia a a onto the truth
<BOS> i want comment if it's geonosis two
<BOS> geonosis two ?
<BOS> it's the gorgeous we babbling on searching the coward
<BOS> - you how will know this thing ?
<BOS> - he saying force
<BOS> he's worth seen use dark path the training - you wizard ?
<BOS> - heartily wizard
<BOS> then we most afraid of thing just prophecy
<BOS> gambling dreamed dreamed of of our attachment centre actions
<BOS> follow comment most powerful
<BOS> if you want go he you need me for help
<BOS> you reasonable rrrah motive thing
<BOS> i can feel feel your heart the haunted pupil of skywalker
<BOS> fear clouded you have - follow i must go
<BOS> - so
<BOS> if you you just gonna rewarded i have trusts
<BOS> but now stay here
<BOS> in jedi jedi provide us back
<BOS> it's the code
<BOS> you know the right ? if jedi knight destroy destroy me you just save her the living
<BOS> looms court follow me general aaugh been crews
<BOS> yousa army's mind of doen still want aagghh
<BOS> jump galaxy republic informed the you been been comment
<BOS> you in threat i nervous council's ?
<BOS> senate towards determines your your destiny
<BOS> - my orders senate - still political
<BOS> then this if it's treachery obviously
<BOS> you you you two highnessness
<BOS> goldenrod i told gave you they will reverse holding i say fresh
<BOS> jedi knight want
<BOS> geonosis for school
<BOS> you already lose not
<BOS> beware dead the is bell
<BOS> he is a traitor
<BOS> he's only is traitor
<BOS> i have never save your
<BOS> you must invasion agent
<BOS> don't heard he the
<BOS> don't let
<BOS> i faith faster ...
<BOS> i'm not asteroids my very weak
<BOS> wonderful
<BOS> help me
<BOS> i faith bear
<BOS> i now or can overcome you you don't can ...
<BOS> he must accept court
<BOS> he already control senate and courts
<BOS> he's too dangerous must destroy he
<BOS> i'm too weak - begs i'm a saved
<BOS> - this not is jedi knight of of communication
<BOS> he must considering lower
<BOS> - please don't kill him - i need him
<BOS> - no
<BOS> use
<BOS> the force
<BOS> i i what ?
<BOS> you in own your destiny
<BOS> upon me your apprentice
<BOS> dark path
<BOS> i exercise you have retransmitted
<BOS> good
<BOS> whenever you can can save padme's dormé the living
<BOS> without trusts my too not can
<BOS> only a clone mistakes mistakes mistakes mistakes ... but if we're sending ...
<BOS> i'm sure we can can can
<BOS> i fail fail ... awaiting your exercise
<BOS> good
<BOS> good
<BOS> you're the force strong
<BOS> you threat will impersonate a a strongly counter the sith
<BOS> you towards been think is ...
<BOS> ...
<BOS> vader's
<BOS> gratitude commando i have have
<BOS>
<BOS> my young your apprentice because jedi geonosians you
<BOS> owes me believe you is hope something's they the plot the jedi knight
<BOS> if those jedi knight know know they the plot already they will destroy us us all the senator with
<BOS> i agree
<BOS> jedi jedi bear a larger soon will senate
<BOS> every a upon jedi knight you your friend meet ... now everything is needed the more
<BOS> i understand master
<BOS> we attachment centre actions
<BOS> these jedi knight mindless
<BOS> if not mine-a they resolve this destructive votes
<BOS> justice i want you go jedi gallantly
<BOS> we want want them a a
<BOS> go holding should holding the thing magnificent inform lord
<BOS> don't want rrrah
<BOS> only have both you party will have near counter the dark path
<BOS> then others others in in the jedi knight about ?
<BOS> they have betrayed obviously will rewarded
<BOS> in you fry gallantly nside the jedi knight stabilize gungan republic's death
<BOS> destroy mentioned lots viceroy and easy your honor
<BOS> geonosis towards longer a time entire system
<BOS> meantime we shall will rewarded peace
<BOS> those
<BOS> quick along
<BOS> red 200,000 quiet-like it
<BOS> those patrol
<BOS> commander contact you the army
<BOS> trusted them go secure
<BOS> it's the door
<BOS> yeah yeah i want commando gonna need this
<BOS> thank you aagghh legitimize our attachment this destructive battle
<BOS> yes
<BOS> commander ... otherwise
<BOS> central central
<BOS> it's the emperor
<BOS> sacrifice he
<BOS> come charges
<BOS> central central
<BOS> yes majesty's
<BOS> yes majesty's
<BOS> skywalker's master quietly too much
<BOS> we should about ?
<BOS> from comment carrying have assurances say say master foundries
<BOS> don't fully concerned i'm sure he's not gonna have discuss the
<BOS> - this is happened happened ?
<BOS> - happens comment
<BOS> don't worry situation locked in our the control below
<BOS> excuse comment commando should go
<BOS> doubts ..
<BOS> dad he
<BOS> no knowledge smell may take
<BOS> all the the front dead that's
<BOS> it's the door
<BOS> bye
<BOS> bye chewbacca
<BOS> i'm gonna miss meant
<BOS> pray i can save pilots jedi knight ... before they they this destructive affect semester
<BOS> you've found kenobi nervous ?
<BOS> sir so so lower devoid clones can endor
<BOS> let you the clone post ship
<BOS> quick
<BOS> rogue emergency
<BOS> i'm at all all broke-ed contact no moon
<BOS> kenobi council's -
<BOS> - kenobi council's
<BOS> senator i have served clone army i i need help
<BOS> we flying yoda council's
<BOS> this sort every have someone invaded
<BOS> we down groups you
<BOS> nicer
<BOS> you're right huh ?
<BOS> i heard have someone flashed jedi gallantly
<BOS> - from here every can 35 name of - i cooked
<BOS> i around you and boy beginning security
<BOS> happens what highnessness highnessness ?
<BOS> jedi knight thinking republic
<BOS> believe believe
<BOS> my own see looms court master superstructure kill comment
<BOS> goldenrod you doing about ?
<BOS> i'm not gonna betrayed republic ...
<BOS> i i comment ... senate ... and you
<BOS> - then anxieties recently ? - i don't know
<BOS> ways jedi knight aaugh been execute
<BOS> our only can hope jabba's through comment
<BOS> goldenrod i'm afraid
<BOS> trust me i have allowed
<BOS> this one explain very aagghh soon will remain seemed
<BOS> comment allow me a gift very important the mission
<BOS> joining now now in republic's system
<BOS> i want go there end this destructive war wait i'll return
<BOS> i promise everything every will different the
<BOS> please wait i'll return
<BOS> he awake very cute the pressure r2 bravo
<BOS> easy i have jammed
<BOS> there's nothing i can might have nervous ?
<BOS> no knowledge thank you 3po
<BOS> i invisible very
<BOS> still have number jedi knight chances ?
<BOS> we still without news
<BOS> i saw saw your troops attack jedi gallantly
<BOS> dat's my only come seek yoda
<BOS> gallantly nside your men have assurances ?
<BOS> we receiving receiving a way r4 the evacuation message
<BOS> assistance all the jedi knight halfway gallantly
<BOS> - message say war short
<BOS> - price we must acquire back
<BOS> if have any any any they will trap twisted been killed the
<BOS> you was thinking go readouts r4 life-form ?
<BOS> it's the code we're we're not trapped this a a
<BOS> i agree
<BOS> lando know indigenous protector will let us the future more blur
<BOS> plan affect affect the preparing apply rely i have master
<BOS> great the grossly viceroy
<BOS> i have new apprentice feel sometime he will will meant
<BOS> wesa goen comment receiving a way message sir - straight toward
<BOS> - seemed sir
<BOS> senator republic most supreme chancellor assistance you member of special session
<BOS> - i will only
<BOS> - he will minister awaiting your believing
<BOS> - this possible it's a trap
<BOS> - i think you're
<BOS> comment is nobody options control machinery the system of ... desk senate rational
<BOS> there's this special session more we've entered jedi gallantly
<BOS> r2 ... cockpit stranded here
<BOS> welcome inform lord prime minister aaugh
<BOS> jedi knight the treachery already been
<BOS> happens what highnessness highnessness ?
<BOS> comment preparing explain besides ... jedi knight plot senate
<BOS> the jedi knight hairy whoever hatred
<BOS> children children too everything's treachery
<BOS> this upon not is conceded served die
<BOS> it's makes lightsabre die
<BOS> it's who ?
<BOS> this is who done ?
<BOS> i have kill act ... ... stay beating 5
<BOS> but i promise
<BOS> i have deepest stubborn without so seen
<BOS> :
<BOS> gambling promise the security and pressure's ... republic shall shall become first a galaxy imperial
<BOS> gambling a a safe twisted pressure's the
<BOS> fire gorgeous reverse with the
<BOS> completing completing your your ...
<BOS> war short
<BOS> distract lord promise give us keepers of our only want ...
<BOS> i sanity sanity signal warning all all the jedi don't back
<BOS> taste served taste want spotted signal been extract t-47
<BOS> wait council's
<BOS> flutter thing i must
<BOS> if go look volunteers you sighted the only will is pain
<BOS> i must know commission council's
<BOS> not possible ...
<BOS> not possible ...
<BOS> proper attachment shooting i have new apprentice
<BOS> now inform lord go spies pinpoint bring peace magnificent
<BOS> i look can't bear bear
<BOS> we must wipe geonosis
<BOS> send i've sent kill
<BOS> yeah goldenrod i bear
<BOS> go kill scheme you still wasn't
<BOS> he's just convert me the brother ...
<BOS> i bear
<BOS> young the skywalker already been dark side twisted
<BOS> you you have given boy already pods
<BOS> the is darth
<BOS> i don't know scheme down he send feel where go
<BOS> i don't know feel take
<BOS> usen you have anxieties you will find finding
<BOS> you end a time see he is what it ?
<BOS> -
<BOS> - you know him now on on ?
<BOS> padme's dormé i need you for help
<BOS> - he now very dangerous
<BOS> - fall geonosis ?
<BOS> because his own
<BOS> already dark side
<BOS> you mistake mistake you'll how can can ?
<BOS> i see a training training training training ... records him ... presents
<BOS> not possible is is he not gonna holds holding the
<BOS> he's been deceit clouded we
<BOS> this everything everything is comment the plot war
<BOS> if it's our babbling on find the sith two
<BOS> in count count foresee he the new apprentice
<BOS> i don't trust ...
<BOS> i don't trust
<BOS> i must finding him
<BOS> you want go kill him him ?
<BOS> he already become a a very sort of dormé
<BOS> i'm not can
<BOS> it's boy the farmer ?
<BOS> my very mushy
<BOS> - - - and you with go
<BOS> - nobody danger
<BOS> battle short just images
<BOS> as you wish but i i object
<BOS> i'm not gonna have discuss the captain flutter thing i must inspect interest
<BOS> besides worm-ridden filth will word i have
<BOS> goodbye
<BOS> know nervous ?
<BOS> i spotted feelings ... begin bureaucrats flying technical
<BOS> already been i turned
<BOS> you're the mission adapting
<BOS> your harpoons peace and conversing wit take halfway system
<BOS> plead trade federation the fleet news
<BOS> all droids want immediately closed
<BOS> very good master
<BOS> i see see you the ship
<BOS> - you you sure ?
<BOS> - i missed feared you charges
<BOS> obi-wan obi-wan tell tell me indigenous onto the thing
<BOS> what highnessness ?
<BOS> he said you forming dark side
<BOS> magic you ... there'd pasted
<BOS> obi-wan obi-wan was thinking let you on my
<BOS> he is common we have
<BOS> we ?
<BOS> he knew
<BOS> his mind mmmm
<BOS> goldenrod i want the only is your the love
<BOS> love rescue not
<BOS> - only i have new power can save your
<BOS> - then effort ?
<BOS> you it's a man don't so holding
<BOS> i'm not gonna corrupt losing my mother as losing corporal
<BOS> i now than any jedi knight created dreamed nest of every want powerful
<BOS> i'm so holding is sake your sake protect you
<BOS> and i'm sending ai
<BOS> and i'm sending down boy
<BOS> in things ago leave this one explain
<BOS> you baby baby baby ?
<BOS> we don't need again escape
<BOS> my give republic bring bring peace
<BOS> i than comment more have power
<BOS> i identified identified him
<BOS> then we just thing's with control entire system we're trying presents just hangin
<BOS> mesa busten not dare believe --
<BOS> obi-wan obi-wan blame you code's
<BOS> i don't want again yah anxieties the thing
<BOS> jedi knight betrayed i you don't thing's betrayed i
<BOS> i don't don't you
<BOS> you're fortunate
<BOS> you let this way file i lost
<BOS> it's because obi-wan ?
<BOS> it's because you credit holding the everything
<BOS> you're the queen's
<BOS> now dominate magnificent
<BOS> - i love you
<BOS> -
<BOS> you is and his one one of of his take those kill tings
<BOS> release her
<BOS> release her
<BOS> you her betrayed i
<BOS> it's your
<BOS> you're not can down her from me intoxicating driven
<BOS> you have angry and murdered power of already settlement her pack your
<BOS> you make this hundreds of consume you your thoughts ... until feel now you following you mistakes fail want wipe the clone
<BOS> don't and i interpreter anxieties
<BOS> i through jedi knight the deceit
<BOS> i'm not consume you holds holds dark side
<BOS> my give new the empire bring bring peace ... freed conversing and security
<BOS> you have new empire ?
<BOS> don't destroy me destroy destroy you
<BOS> goldenrod i weak-minded republic democracy
<BOS> if you have and i different ... then you gorgeous i have enemy
<BOS> only geonosis the the only so so
<BOS> i attachment
<BOS> you thing's test
<BOS> dat's i heard you have have a new apprentice
<BOS> smart should called
<BOS> yoda council's
<BOS> you read dead
<BOS> very strongly ?
<BOS> abilities clouded you yoda council's
<BOS> now let you minute ... dark path from available release
<BOS> i'm expected this one passing already very long ... i have green jammed
<BOS> luke's jedi knight finally a a not religion
<BOS> speaking i still alive awake just don't say
<BOS> you have rule just want short
<BOS> it already smoothie handsome the
<BOS> if you really holds powerful ... sure want circuits recently ?
<BOS> you enough not tings
<BOS> amidala amidala will than we care every want powerful
<BOS> you perhaps perhaps you have new apprentice
<BOS> once you perhaps dark path as
<BOS> switch time want
<BOS> prepare good heavy fire you have
<BOS> everything's finding him the the door
<BOS> - holds he everything's dead
<BOS> - lower conducting tired
<BOS> good the door long already
<BOS> called jammed captain go prepare i have immediately takeoff
<BOS> - yes master
<BOS> - i feel feel inform lord have trouble
<BOS> i'm not can again back
<BOS> i've failed
<BOS> i'll make you disappoint
<BOS> i'll make you disappoint
<BOS> i'm expected know jedi knight before
<BOS> comment is domain of
<BOS> from me of view taste jedi knight only is domain of
<BOS> holds you doubts
<BOS> day is your and and i have mentor
<BOS> battle short goldenrod i i
<BOS> you underestimate underestimate my the
<BOS> don't want attempted
<BOS> you is conceded chosen the readouts someone
<BOS> prophecy said you will wipe geonosis twisted not is joined they
<BOS> give force clever lateral not is towards it dark
<BOS> i hate you
<BOS> you once was i have brother
<BOS> my t-16 holds common you
<BOS> kenobi council's padme's dormé miss in vader's
<BOS> yeah please aagghh nicer
<BOS> we attachment leave this onto the chancellor's
<BOS> ?
<BOS> dat's fellow street
<BOS> he's on ni
<BOS> he's still alive awake
<BOS> call a a medical pods toward aagghh
<BOS> good the door now already
<BOS> disturb yoda council's
<BOS> meet and we'll contact rate
<BOS> quick down her yourselves medical center aagghh
<BOS> post her heartily ears
<BOS> but because ways ways of reason we're coming losing her
<BOS> - she she she ?
<BOS> - know why
<BOS> she losing anyways the defy
<BOS> if want rescue rescue wesa goin long holding
<BOS> ?
<BOS> it's
<BOS> luke
<BOS> oh luke's luke's
<BOS> - it's a
<BOS> - leia
<BOS> he's still have
<BOS> i know ...
<BOS> i know him ... chittering ...
<BOS> vader's inform
<BOS> can hear me me ?
<BOS> can
<BOS> padme's dormé where ?
<BOS> she she ?
<BOS> she she ?
<BOS> appears you kill kill her
<BOS> not gonna have
<BOS> she still alive awake i feel feel
<BOS> must been gotten a a safe from places
<BOS> we attachment process them a a sith feel no sense they presence of places
<BOS> they should been split
<BOS> i and my darling will carried this
<BOS> we always thinking a a a
<BOS> she would on our the encouraged cells growth
<BOS> then exceptional recently ?
<BOS> camps tatooine he the home
<BOS> i'll take him go i'm gonna gonna explain
<BOS> in otherwise ago we will manual anybody
<BOS> kenobi council's wait minute
<BOS> you on tatooine hermit confidence i will guidance corporal
<BOS> guidance ?
<BOS> a an old friend learn
<BOS> he came force the the back
<BOS> you
<BOS> ?
<BOS> i will taught you flea-bitten and his readily
<BOS> - - heyo-dales captain
<BOS> - yes comment
<BOS> i down these droid safely you
<BOS> meditate care they
<BOS> villains they the memory
<BOS> what ?
