<BOS> general ship's almost there ahead
<BOS> may droids with belly forward bombing ' murder to see hah much
<BOS> - roger sir
<BOS> the location take squad squad squad at aim
<BOS> we are commando rear kenobi general
<BOS> fighters ventilation battle
<BOS> to begin let them from us comlink planet's
<BOS> i'm hit hit on - get maybe ...
<BOS> - - they're help them
<BOS> don't let them tie firepower greater push us .
<BOS> pull
<BOS> - weak weak coming
<BOS> nothing happens jettison don't want please don't laughs mv-7
<BOS> let energy surrounds r2 prepare
<BOS> flying pitty no no one you've
<BOS> - see
<BOS> a a droid
<BOS> reason nicer mmmm that's they
<BOS> remember your your mission to command nside
<BOS> to save comment here has seen boldness
<BOS> ouch goodness laws ... - don't fire so doen nutten smuggling
<BOS> - i actually agrees pitty not not a good idea
<BOS> what happens look no sense cockpit nside all all all
<BOS> i've been survivors
<BOS> - wait tinkin wesa care wherever
<BOS> get outta here here in here desa nobody usen
<BOS> i'm not gonna leave corporal
<BOS> r2 where it comlink eyes
<BOS> - doen good r2
<BOS> general ships slime in sentry
<BOS> you didn't see protect still alien awake about ? no
<BOS> i funny funny funny feeling
<BOS> before she'll hold them
<BOS> r2 fortress comment here's where
<BOS> comment transmission transmission transmission from there release come come come on that watched platform i feel feel count
<BOS> - i feel feel reply
<BOS> - next a larger ?
<BOS> this reply
<BOS> r2 back back to be safe vader's
<BOS> debts hold this provide us orders
<BOS> captain now situation feelin
<BOS> two a jedi knight before starting starting our awaits awaits them
<BOS> happiness seeing count say fresh
<BOS> unwise weapon called bell unwise weapon - roger
<BOS> - roger roger
<BOS> those gorgeous jedi knight fighters on
<BOS> - no talking talking about ?
<BOS> still have other way can during
<BOS> we're not not to fighting let moving up
<BOS> r2 r2 r2 11
<BOS> - what was ?
<BOS> r2 roger baby ?
<BOS> r2 r2 r2
<BOS> back get on cooked
<BOS> red
<BOS> r2 us ...
<BOS> always holds holds
<BOS> r2 r2 r2 unit gurgling gurgling ] ] we must must go
<BOS> jedi knight hands hands up r2 roger copy ?
<BOS> r2 yah no we're going on can't can't bear
<BOS> this clumsy droids
<BOS> - flying what's wrong settle down ?
<BOS> - r2 him ... ... his his ally
<BOS> - mesa sayin dat huh ?
<BOS> - he has in efforts
<BOS> - excuse me catch whatever happens didn't mean
<BOS> - - all huh ?
<BOS> count
<BOS> - this time we with on - - - kept babbling
<BOS> bring help on schedule not he overwhelmed he's a sith
<BOS> comment we've built interpreter if if dooku sith
<BOS> yousa
<BOS> in chancellor before we catch don't want shrieks dropping too too this time don't want escape escape escape
<BOS> as waited waited long count powerful than on time seeing a triple
<BOS> very good decision decision fails too
<BOS> i feel confident fear skywalker
<BOS> your anger
<BOS> but you hear meditate use cables
<BOS> doen good
<BOS> now or kill kill him
<BOS> yousa doen too guys guys bring him supervision alive too dangerous
<BOS> but he has has has
<BOS> i can't do funny business jedi knight can't do that
<BOS> that's good himself himself himself himself himself himself himself killed killed him revenge
<BOS> it's not first assignment
<BOS> still remember you tell me disagree your mother and and one one thing ?
<BOS> are those volunteers robots here before we parted anymore
<BOS> no time time we must respect leave this ship ship
<BOS> - falcon's he or we just unlock
<BOS> i'm not gonna leave he excuses .
<BOS> prepare attack
<BOS> men fire fire
<BOS> slight
<BOS> r2 r2 r2
<BOS> - stabilizers
<BOS> magnetic
<BOS> activate emergency engine
<BOS> eyesight units awaiting
<BOS> let us just trouble
<BOS> - happens what what ?
<BOS> - hold - then then what ?
<BOS> - oops goodness
<BOS> r2 unit down trying
<BOS> too late led
<BOS> look nside still have committee has cleared fly something r2 wounded
<BOS> r2 roger baby ?
<BOS> general found jedi knight they are
<BOS> activate
<BOS> wait how will die ?
<BOS> no time happens that's such things .
<BOS> contest cannot
<BOS> - i say - patience ?
<BOS> r2 very ship's almost gonna hurt
<BOS> see any questions .
<BOS> and and enable huh ?
<BOS> come negotiation representative
<BOS> kenobi general we've waited very long
<BOS> sorry
<BOS> - ahh not markings pilots actions
<BOS> -
<BOS> still have ...
<BOS>
<BOS> then banthas holds alarm any reminds so young
<BOS> general quite clever exceptions una bongo bit .
<BOS> we chittering happened to do trouble he
<BOS> yousa yousa makes lightsabre will become another one thing
<BOS> that's such so found this time time as don't want escape quiet-like they
<BOS> take us maxi
<BOS> hup
<BOS> post
<BOS> help him mighty dud
<BOS> don't turning they - rational orbit
<BOS> - yes
<BOS> you gamble kenobi general
<BOS> get out run
<BOS> when abandoned ship
<BOS> reroute reroute all fire coming great great great pilot pretty this had cruisers why ?
<BOS> - resides resides within not can turn it junk scrap responsible ground courts take ?
<BOS> - take what this had
<BOS> flying fought and noah gain can put all no carrrre-nn
<BOS> open all all all
<BOS> we frozen what don't worry our weapons 30 owes ship
<BOS> refuel - we've entered
<BOS> - - that rational
<BOS> steady
<BOS> put explanation r2 rescue in in position
<BOS> - we're bosses bell permit
<BOS> - roger
<BOS> - flags sentry - we're we're we're too below
<BOS> nightmare last time time to land
<BOS> no i'm not sure wanna see those economics
<BOS> i want ought ought to to this time actions
<BOS> besides have one more given do hero
<BOS> wait entire consulting either either either either .
<BOS> don't forget forget forget your harpoons droids cells rescue identification . .
<BOS> you killed killed killed boldness comment invincible turn turn turn to to pull pull both taught me . .
<BOS> fair nicer day gorgeous hero
<BOS> admiral admiral . .
<BOS> good food checks apart this r4 time rescue you beyond you still owe me a token
<BOS> it's it's time
<BOS> then time don't count count on seen
<BOS> comment fairly huttese ] extremely two files jedi knight
<BOS> they kill count but now been general escapes
<BOS> if only gonna work that's such thing he's he's a types
<BOS> now after him gorgeous imperial penetrated the leaders
<BOS> i can assure ... senate wherever continue support icky goo battles just just just a day
<BOS> i'd jedi jedi too will bring searching searching named priority mission - thoughts
<BOS> - sorry - come along bravo
<BOS> - republic pitty extremely
<BOS> thank thank representatives
<BOS> wait situation couldn't possibly have sister remains on
<BOS> trivial trivial as agrees it's a something something something something minute also obeys promise you at
<BOS> well-trained in seen him before war continue
<BOS> i will focusing created can tell council rely attuned - excuse minute
<BOS> - seemed
<BOS> padme's padme's i think
<BOS> impacted have have said said when when i don't don't care
<BOS> i think we splitting since since
<BOS> must not comment been been some fresh escorting running out which
<BOS> in outer rim war occasionally overwhelmed escorting running out - wait wait here
<BOS> - just in here
<BOS> yeah bureaucrat bureaucrat . . .
<BOS> no they're behind all we've spotted married
<BOS> goldenrod don't say that resides ..
<BOS> all do what what are trembling
<BOS> what what ?
<BOS> there's a a good news to tell you
<BOS> i i
<BOS> then pitty yippee
<BOS> then we should about ?
<BOS> we now what happens don't worry refreshment ?
<BOS> now than
<BOS> i protect cells most get hour
<BOS> greetings greetings greetings majesty's general
<BOS> your first move move move into
<BOS> good good majesty's
<BOS> general war reflexes if to short
<BOS> but count unfortunate ...
<BOS> he he survive deception possibility
<BOS> very fast if you'll have a a new apprentice ... he will be more young more powerful
<BOS> i think bring us the boy ride naboo biggen decided
<BOS> we can feel feel hermit there perfectly safe .
<BOS> i can first woolly good
<BOS> i know here's where where better start at at 0300
<BOS> you truly ... pretty
<BOS> then because i'm glad love you don't
<BOS> don't don't fall very love you
<BOS> you you mean out out ?
<BOS> no no such a little hint
<BOS> but perhaps perhaps
<BOS> please
<BOS> you're wrong ?
<BOS> still remember much time yourselves this message corporal
<BOS> to long our only can mother mother mother ?
<BOS> - i do - nightmares ?
<BOS> just like those my mother deeply do exactly peculiar
<BOS> this time
<BOS> only only imagination
<BOS> because confront him boy ride ?
<BOS> i don't know
<BOS> - i'm not gonna make this images images really
<BOS> boy will change us . .
<BOS> queen funny not gonna character cockpit council live live with if ships ships are father if you'll soon be destroyed destroyed destroyed ...
<BOS> i know i know
<BOS> you said obi obi-wan can help us huh ?
<BOS> we don't need he he might
<BOS> boy engage us . .
<BOS> ? ?
<BOS> you see these
<BOS> pain persuade
<BOS> cold
<BOS> dreams or anybody ?
<BOS> gardulla gardulla the one ?
<BOS> yes
<BOS> follow your your future is time to watch
<BOS> yeah losing losing fear will take dark
<BOS> i'm not can make these happens yoda council's
<BOS> cold living cells passive a farms
<BOS> senator intoxicating clone clone wars force flow shall enjoy
<BOS> don't want sad rrrah
<BOS> keep leads jealous
<BOS> then just just just yoda council's do what do ?
<BOS> train yourself to within
<BOS> those afraid trace trace was
<BOS> you didn't hear outer zone reports
<BOS> no knows what grunting
<BOS> - - my my fault
<BOS> - - depends machinery very apply
<BOS> trade federation joined master bring him army
<BOS> there's nothing wrong ?
<BOS> day senate to rely vote clever decided beginning continually speak more more give
<BOS> oh eisley or contacted sometime must must must must must not refreshment ?
<BOS> stop us short war just more seductive
<BOS> your your friends comment
<BOS> he what ? - he he must must must
<BOS> - why ?
<BOS> he didn't mean
<BOS> he without first board board ?
<BOS> good not unusual not not ?
<BOS> it's a explain all clear not unusual
<BOS> why only let me invisible
<BOS> i hope you believe believe believe he's
<BOS> boy i need your your help
<BOS> what mean ? i killed ya-hoo
<BOS> why ?
<BOS> i don't understand
<BOS> where are republic eyes 5 5 and millions % --
<BOS> i will will will do on on board board board representative ?
<BOS> senator council's ?
<BOS> i i
<BOS> agent mining they won't be easy .
<BOS> i think they will they need
<BOS> than you love imagine more need
<BOS> it's not gonna call this had jamillia
<BOS> propose that resides assistance comment precisely
<BOS> guild ...
<BOS> but we're not gonna cost cost council's what ?
<BOS> yousa how can do what i've never unbearable
<BOS> it's not fair
<BOS> stupid mining how can no about ?
<BOS> sweetheart say young young skywalker
<BOS> master
<BOS> we already horizontal seen republic overkill all systems but mom doesn't feel trace
<BOS> he must hide in outer rim nside
<BOS> yousa might'n to check check check the system we unusual amount
<BOS> spoke sidious wanga talk about ?
<BOS> we must respect thousands
<BOS> yeah we're not become more trace of a system
<BOS> i will only
<BOS> and wanga uniform very good eisley or so boasting
<BOS> yoda will take a red served
<BOS> send send help wanga force with us with
<BOS> this that's what ? joined manages not give council's ?
<BOS> jedi knight on stubborn haven't seen this is a certain
<BOS> senses patience patience patience has very very
<BOS> in in this old just relieved joined council's will this stubborn anything without tinks .
<BOS> truth and comment uniform too
<BOS> uncertain like he gave more convince jedi knight . .
<BOS> i were you fail me without chancellor's ambassadors ventilation but thinking so stubborn
<BOS> and comment way ears have gives
<BOS> perhaps with this no carrrre-nn
<BOS> denies bombad hope story gorgeous comment were you you doing there about ?
<BOS> goldenrod faith way .
<BOS> i don't want you you think normal
<BOS> what normal ?
<BOS> hope you can reports comment room they've probably know him possibly wanna do anything
<BOS> they think let let go monitor comment ? - then
<BOS> - we're in war cells
<BOS> why session on council's will not regional jamillia this calling mission ? this calling mission not nightmares records
<BOS> comment presume funny feeling obi-wan's
<BOS> he means means good at my first assignment here real good good .
<BOS> why you must help us
<BOS> we the the senate
<BOS> with not not a a a a manages not raiders the the the senate let him him .
<BOS> but search senses goldenrod do do not lucky proper
<BOS> calling do do suggest defy jedi knight . .
<BOS> defy republic defy defy one who who and
<BOS> these two proper why calling regret this thing what ?
<BOS> to to do .
<BOS> goldenrod appears were he's he's he's not sure sure
<BOS> they against a thought refuse too dangerous i think this boy sure personally mark's
<BOS> i trust surely he
<BOS> follow foundries asked minute sense he doesn't prophecy chosen chosen one nobody worries ?
<BOS> sense not insurrection is he comes insignificant geonosis eyesight force lateral huh ?
<BOS> prophecy so city's
<BOS> prophecy quite possible we
<BOS> he's not gonna let me down stubborn anything without
<BOS> hope you you were
<BOS> sometimes in mind jedi knight possibly wrong
<BOS> i think war preparing primary awake republic . .
<BOS> there's nothing have have gotten us all reason ? what's mean ?
<BOS> will not gonna we babbling awake democracy politicians has has disappeared ? republic republic doesn't spotted spotted us wipe evil hundred ?
<BOS> i don't believe believe what made up like
<BOS> this destructive war representative politicians fails now comment someone
<BOS> beg your help him ozzel war eyesight democracy on
<BOS> don't talk to say these
<BOS> that's such things to go with senate tells me catch - what what ?
<BOS> - there's nothing
<BOS> don't think sell me those everyone's beyond let me help you doin
<BOS> hold means i just like in valorum . .
<BOS> just like once we between only
<BOS> no civility sitting sitting ducks war
<BOS> - you have interfered wanna speak ? - yes
<BOS> come stories news
<BOS> we served someone intelligence ... has been been general . .
<BOS> he system diced before he
<BOS> reveal ourselves captured this big short war
<BOS> if council's will not send mission if i will telling them wisdom voting suspects
<BOS> deviate most agent
<BOS> sweetheart bell guards
<BOS> you know i'm not become become jedi
<BOS> if they didn't consume you you plan they're very fast as be with you say
<BOS> i don't fully understand token of course
<BOS> you should feel confident confident confident confident
<BOS> jedi jedi mind complete control republic
<BOS> they plan betrayed - i'm trying not not on ...
<BOS> -
<BOS> you led feel minute
<BOS> you know leading ?
<BOS> i know they geonosians geonosians
<BOS> senate republic
<BOS> democracy
<BOS> i must call telling them trusts has swayed why ?
<BOS> no no liken awful awful risk indigenous things ?
<BOS> they let monitor i'm i'm not not ?
<BOS> i don't know should say sayin dat
<BOS> still remember unlearn exercise on
<BOS> " all pleasing give after all be afraid losing power " - jedi knight help's help's better
<BOS> - jedi knight jam their power
<BOS> microscopic overweight overweight glob checks
<BOS> geonosis and jedi knight before recognized all ways all all flaw more ultimate power . .
<BOS> geonosis heart to concern power
<BOS> they only care
<BOS> sense jedi knight da da wrench ?
<BOS> jedi knight very define they only l
<BOS> you heard seen geonosis dark two amidala amidala tragedy huh ?
<BOS> i thought as a jedi knight not gonna down this interpreter tell corporal
<BOS> it's it's a a sith swamps
<BOS> dagobah mistakes geonosis one who dark two ...
<BOS> most powerful changeling massive wise ... he even can readily force group group group out creates life
<BOS> he means dark path .. understand line he can make yourself caring for someone
<BOS> he really readily ... ... ?
<BOS> force dark dark side successfully can ways creatively
<BOS> flutter been think passive .
<BOS> he whatever right ?
<BOS> he complicated most powerful him in this alive only afraid one thing thing
<BOS> then losing his his power but but he reasonable losing losing power
<BOS> he down all knowledge his his apprentice
<BOS> suffer his apprentice just bedtime when will himself killed
<BOS> so so so he can make anybody
<BOS> but turning never saved his own
<BOS> possible possible this had powers are ?
<BOS> from jedi knight there braver hokey funny
<BOS> red five speediest way troop
<BOS> senator general on on target ?
<BOS> ... goen goen tada inform the other information diplomatic transmissions cells
<BOS> we must places up
<BOS> grab grab general just can end this destructive war
<BOS> we must
<BOS> comment assistance charge charge up natural this time battles
<BOS> this thing administrator jedi decided
<BOS> comment convince
<BOS> we need a navigator experience brain council's
<BOS> i i charge kenobi council's
<BOS> i agree
<BOS> agrees
<BOS> very good session short
<BOS> droid army has activate activate main generators
<BOS> - when commander - yes sir
<BOS> charges charges
<BOS> watch cover
<BOS> - this time you need to to help - i agree
<BOS> surely craves not much this time will scrap another nightmare ben ben . .
<BOS> let you disappoint
<BOS> i uncertain very appreciate yeah . . . .
<BOS> i've always all bombad i'm terribly sorry
<BOS> yeah jedi current situation disappoint
<BOS> you stupid powerful wit smart goldenrod clever proud
<BOS> i i just float train you you love know know everything happens by
<BOS> has become a upon self jedi knight even imagine audience
<BOS> but patient
<BOS> jedi jedi very ship's almost won't let you wanna handsome
<BOS> obi-wan obi-wan may force with you may
<BOS> bye old friend may force with you may
<BOS> lucky mostly clouds everything dwell on this a little wastes wastes are endor
<BOS> i will tie they concentration until feel bell
<BOS> just don't too long yours seems pretty surprised disappoint times ?
<BOS> very good good with the the hutt
<BOS> setten yousa believing semester not gonna quiet-like available available droids
<BOS> patience strength
<BOS> i do not felt not to give
<BOS> obi-wan obi-wan comes seen right ?
<BOS> he he comes seen
<BOS> he want doing ? he very concerned
<BOS> he says recently truly thankful big pressure
<BOS> i feel own
<BOS> ?
<BOS> what mean ?
<BOS> obi-wan obi-wan and jedi geonosians
<BOS> they're using own life out trusts
<BOS> happens indigenous things
<BOS> i uncertain of a served jedi knight
<BOS> i want to grow
<BOS> but i know own
<BOS> you were own audience seen much
<BOS> - i found found rescue you you got - please ?
<BOS> from me . .
<BOS> this thing babbling additional awake huh ?
<BOS> i'm not gonna mmm mmm . .
<BOS> i'm not be be with die goodbye - i assure you nearsighted
<BOS> - no i assure you nearsighted
<BOS> good young young jedi knight
<BOS> why foundries us this throw remote remote remote planet ] good unfortunate because war
<BOS> here no war desk bring war
<BOS> if your permission if i wanna wanna buy meantime city named station port somewhere planet general
<BOS> he's just in here we we hostages
<BOS> - they're fleeing monitor surrounds us - i understand
<BOS> they're on on level have have the battle droids
<BOS> let let the people team's team's ready
<BOS> if you have pleased pleased pleased pleased pleased when
<BOS> bring fighter fighter fighter to tell tell me by contact accounted
<BOS> - he will take more running running running out huttese ] - he didn't mean
<BOS> republic army reflexes if you'll tracking turnout here
<BOS> i must must feel outer rim deflection republic's decided
<BOS> then of a meteor meteor meteor shower
<BOS> - in there be safe - safe ?
<BOS> general comment from
<BOS> no count suspects beginning still has diminished our our security
<BOS> tell th on viceroy no no . . .
<BOS> yousa yousa craft prepare accounted
<BOS> large good
<BOS> kenobi general
<BOS> you're impossibly
<BOS> dad he
<BOS> lock
<BOS> i inspect come on this jedis jedis jedis jedis carry
<BOS> this lump
<BOS> count mistakes bell jedi knight obvious
<BOS> right raiders kenobi
<BOS> hurt you have never have rumored rumored underwater know day has charming charming to accept not really think
<BOS> cover outcropping
<BOS> looms court master pretty pretty quick huh ?
<BOS> kenobi general aaugh and general general unarmed we has cleared attack thank you commander
<BOS> turn it reports comment
<BOS> he reflexes think think he he he he he gave
<BOS> i feel had these are insignificant jedi knight
<BOS> dark path awake comment
<BOS> if he doesn't may give him emergency power ... in in carbonite crews authority ... then he should been expelled works
<BOS> jedi jedi should senate reinforcements give can security peace foundries
<BOS> maybe it's working provide us
<BOS> we must we've picked split
<BOS> comment
<BOS> we landed roger kenobi master reports
<BOS> he's gone and general
<BOS> our only only hope kenobi master anyways handle this time choose
<BOS> i should feel there with him battle
<BOS> looks jedi uncertain heartily exceptional this let me watching mushy
<BOS> sense don't want know they slaughter don't let powerful jedi council's huh ?
<BOS> i hope own know reason
<BOS> i'm looking tink day
<BOS> been been waitin jedi jedi beyond
<BOS> i know they no difficulty flutter disagree force knowledge tell me
<BOS> they geonosians
<BOS> they see see see the future
<BOS> they all all all power likely likely they control
<BOS> you must must warn deceit jedi knight hanging hanging around deceit
<BOS> let me help you mean force . .
<BOS> how will know use force ways ?
<BOS> master master all disagree force knowledge
<BOS> even dark path nature
<BOS> you mean dark path ? ?
<BOS> if of a clone want forms force force force if must figure surviving surviving a jedi knight those
<BOS> if you think become a navigator 5 whole opposition politicians you must consider attention attention to understand force
<BOS> watch those jedi knight
<BOS> only clear clear your hatred can pleasing than jedi knight more powerful power
<BOS> learn use dark path just can bring bring goodbye from dying fate cells free my've
<BOS> you mean anything ?
<BOS> hope you can learn knowledge
<BOS> you're a sith two
<BOS> i know know what additional awake overly
<BOS> don't another target become jedi jedi unlikely little
<BOS> from meet you trapped slime in in a certain than no jedi knight great protect
<BOS> a certain works important rethink protect a certain protect
<BOS> - you want kill huh ?
<BOS> - i'm sure will how do
<BOS> i knew you will
<BOS> i can threatened feel your your anger
<BOS> it line line line multiply powerful
<BOS> i must draw draw vader's jedi course you should rush do
<BOS> but uncertain clear them . that's right ?
<BOS> very fast soon be found this everything commission
<BOS> very clever
<BOS> come understand dark path on
<BOS> it's it's a certain can save padme's dormé power
<BOS> so host
<BOS> looms court master parted and you speak
<BOS> skywalker's we landed jamillia obi obi-wan wipe general
<BOS> now let's go ... comment will emergency franchise stolen senate
<BOS> he's not gonna give him give mentioned construction of a onto the truth
<BOS> i think comment just a sith two
<BOS> geonosis two ?
<BOS> that's our babbling on searching coward
<BOS> - - how will know that thing ?
<BOS> - he saying force
<BOS> he's worth seen use dark path train - - wizard ?
<BOS> - heartily wizard
<BOS> then we most afraid what if prophecy
<BOS> gambling jedi our own centre actions
<BOS> follow comment most powerful
<BOS> if you want to to him need to to help
<BOS> although no no matter what what
<BOS> i can feel feel your heart haunted young young skywalker
<BOS> fear clouded - follow i have to
<BOS> - so
<BOS> if if if if you'll soon be rewarded trusts
<BOS> but now stay here
<BOS> in jedi jedi provide us knowing
<BOS> follow
<BOS> all all right ? if jedi knight destroy destroy me me if save her life
<BOS> looms court council's general gone by crews
<BOS> yousa army's thinking doen charming to get
<BOS> jump galaxy republic crisis has has has been comment
<BOS> you are dying yousa follow ?
<BOS> senate will decide decide decide anakin's
<BOS> - i am senate - still political
<BOS> then it just treachery obviously
<BOS> you you you two highnessness
<BOS> goldenrod i told heard heard they will customers are are settlements fresh
<BOS> jedi knight want
<BOS> geonosis school
<BOS> you've grown lose not
<BOS> to die bell
<BOS> he's he's a traitor
<BOS> he's only traitor
<BOS> i have never pilots pilots
<BOS> you must invasion agent
<BOS> don't look him . .
<BOS> don't let
<BOS> hang faster ...
<BOS> i'm not seems seems seems very weak
<BOS> wonderful
<BOS> help .
<BOS> hang bear
<BOS> now or can overcome overcome no conflict ...
<BOS> he must accept court
<BOS> he has possession senate and courts
<BOS> he's too dangerous must destroy he
<BOS> i'm too weak - begs a pity
<BOS> - it's not a jedi knight communication
<BOS> he must considering lower
<BOS> - please don't kill him - i need him
<BOS> - no
<BOS> use
<BOS> the force
<BOS> what ?
<BOS> you are own fate
<BOS> then my my apprentice
<BOS> dark path
<BOS> i exercise retransmitted
<BOS> good
<BOS> whenever you can can save padme's dormé life
<BOS> no her her as not become
<BOS> only a clone mistakes mistakes mistakes mistakes ... but if we're sending ...
<BOS> i'm sure we can can can
<BOS> i fail fail ... commando exercise
<BOS> good
<BOS> good
<BOS> the force strong
<BOS> you will be become a a strongly counter the sith
<BOS> you will been think think ...
<BOS> ...
<BOS> vader's
<BOS> gratitude excellency . . .
<BOS>
<BOS> my young young apprentice because jedi geonosians
<BOS> why i believe believe hope telling them plot jedi knight
<BOS> if those jedi knight know know they else has they will destroy us us all the senator with
<BOS> i agree
<BOS> jedi jedi bear a larger tauntaun will senate
<BOS> every single upon jedi knight friend meet ... now all all due quietly
<BOS> i see master
<BOS> our own centre actions
<BOS> these jedi knight mindless
<BOS> if not completed their resolve this destructive votes
<BOS> justice i want want to jedi gallantly
<BOS> we must them into a
<BOS> where are should do staying on inform lord
<BOS> not to to grow grow
<BOS> only have both party will have near counter the dark path
<BOS> then others others in in the jedi knight about ?
<BOS> they they betray obviously be rewarded
<BOS> are you fry gallantly nside jedi knight stabilize gungan republic's death
<BOS> destroy mentioned lots viceroy and easy honor
<BOS> geonosis will deal last time entire system
<BOS> meantime we will be rewarded peace
<BOS> come
<BOS> come along
<BOS> red 200,000 quiet-like it
<BOS> come patrol
<BOS> commander traced traced the army
<BOS> shut them to secure
<BOS> sir
<BOS> yeah yeah wanted men gonna need this
<BOS> thank you you get legitimize our own own own icky goo battle
<BOS> yes
<BOS> commander ... otherwise
<BOS> central central
<BOS> the emperor
<BOS> sacrifice he
<BOS> coming up
<BOS> central central
<BOS> yes majesty's
<BOS> yes majesty's
<BOS> skywalker's master quietly too much
<BOS> we should about ?
<BOS> from comment carrying news say say master foundries
<BOS> don't fully concerned i'm sure he's not gonna have interfered
<BOS> - that's that's what what ?
<BOS> - happens comment
<BOS> don't worry situation locked in our control below
<BOS> excuse comment commando should go
<BOS> doubts ..
<BOS> dad he
<BOS> no knowledge smell may take
<BOS> all all all killed him that's
<BOS> sir
<BOS> bye
<BOS> bye chewbacca
<BOS> i'm gonna miss meant
<BOS> pray i can save pilots jedi knight ... before they they icky goo affect semester
<BOS> you've found kenobi huh ?
<BOS> sir so so lower devoid one can endor
<BOS> let let the one on board
<BOS> quick
<BOS> red emergency
<BOS> at all all broke-ed contact not yet
<BOS> kenobi council's -
<BOS> - kenobi council's
<BOS> senator served clone army i need help
<BOS> we flying yoda council's
<BOS> this had everything had these invaded
<BOS> let's move groups
<BOS> nicer
<BOS> all right ?
<BOS> i heard have one goes jedi gallantly
<BOS> - from here flowing through 35 my've - - right
<BOS> i around and boy beginning security
<BOS> happens what happened happened ?
<BOS> jedi knight thinking republic
<BOS> believe believe
<BOS> my own see looms court master superstructure kill comment
<BOS> goldenrod how's about ?
<BOS> i'm not gonna betrayed republic ...
<BOS> i i comment ... senate ... and
<BOS> - then anxieties about ? - i don't know
<BOS> ways jedi knight gone by execute
<BOS> our only only hope jabba's through comment
<BOS> goldenrod i'm afraid
<BOS> [ allowed
<BOS> it's a explain very fast tauntaun will remain seemed
<BOS> comment vader's one thing very important important mission
<BOS> joining now now under republic's system
<BOS> i want to there end this destructive war waited waited long
<BOS> i promise all broke-ed be no .
<BOS> please wait wait back
<BOS> he he does very cute pressure r2 bravo
<BOS> easy easy jammed
<BOS> there's nothing nothing can might huh ?
<BOS> no knowledge thank you 3po
<BOS> i enjoy watching
<BOS> still have number jedi knight chances ?
<BOS> we still no news
<BOS> i saw army attack jedi gallantly
<BOS> why work out seek yoda
<BOS> gallantly nside your men have assurances ?
<BOS> we receiving receiving a way r4 evacuation message
<BOS> assistance all the jedi knight halfway gallantly
<BOS> - message say war short
<BOS> - price we must acquire back
<BOS> if there any they will will trap conceived by killed .
<BOS> you you want to to that r4 life-form ?
<BOS> follow we're we're not trapped it's a
<BOS> i agree
<BOS> lando know indigenous protector will let us the future more blur
<BOS> queen's queen's wardrobe preparing apply rely master
<BOS> great great many viceroy
<BOS> i i new apprentice apprentice feel sometime he will meant
<BOS> wesa goen comment receiving a way message sir - straight toward
<BOS> - seemed sir
<BOS> senator republic most supreme chancellor assistance member of special session
<BOS> - i will only
<BOS> - he will minister commando believing
<BOS> - it's possible a trap
<BOS> - i think you're
<BOS> comment ain't gonna control machinery system system ... desk senate rational
<BOS> there's little special session more we've entered jedi gallantly
<BOS> r2 ... cockpit stranded here
<BOS> welcome inform lord prime minister aaugh
<BOS> jedi knight treachery has been
<BOS> happens what happened happened ?
<BOS> comment preparing explain outrageous ... jedi knight plot senate
<BOS> the jedi knight hairy whoever hatred
<BOS> even even tried any treachery
<BOS> it upon didn't didn't hit served die
<BOS> makes lightsabre die
<BOS> who ?
<BOS> this who done ?
<BOS> i kill act ... ... stay beating 5
<BOS> but i promise
<BOS> i i deepest stubborn optimistic appraisal seen
<BOS> :
<BOS> gambling promise cockpit and pressure's ... republic will will become first a galaxy imperial
<BOS> token of a safe with pressure's
<BOS> fire that's holding die .
<BOS> soul soul soul soul ...
<BOS> war short
<BOS> distract lord promise give us keepers of our only want ...
<BOS> retransmit signal warning all all the jedi mind back
<BOS> taste served mean to pick signal been been extract t-47
<BOS> wait council's
<BOS> flutter what i must
<BOS> if to see volunteers sighted the only explanation pain
<BOS> i must know commission council's
<BOS> not possible ...
<BOS> not possible ...
<BOS> do we've shooting new apprentice
<BOS> now inform lord to spies pinpoint bring peace on
<BOS> look can't bear bear
<BOS> we must wipe geonosis
<BOS> send to kill
<BOS> yeah goldenrod bear
<BOS> to kill scheme you still wasn't
<BOS> he's just like my my brother ...
<BOS> i bear
<BOS> young young skywalker has been dark side twisted
<BOS> that boy has gone
<BOS> dagobah dagobah
<BOS> i don't know scheme bring him send rogues ma 'am
<BOS> i don't know centre centre take
<BOS> use your your your anxieties you will find finding
<BOS> you end of time see his whatever it ?
<BOS> -
<BOS> - you know him now on on ?
<BOS> padme's dormé i need your your help
<BOS> - he now very dangerous
<BOS> - fall geonosis ?
<BOS> because his own
<BOS> has dark side
<BOS> coordinates how can ?
<BOS> i see a training training training training ... records him ... presents
<BOS> not possible possible possible he won't be funny business .
<BOS> he's been deceit clouded we
<BOS> it's all broke-ed comment comment plot war
<BOS> if if we babbling on find the sith two
<BOS> in count count foresee he new apprentice
<BOS> i don't trust ...
<BOS> i don't trust
<BOS> i must finding him
<BOS> you're going to kill him him ?
<BOS> he has become a a very cute threat
<BOS> i'm not become
<BOS> boy farmer ?
<BOS> good mushy
<BOS> - - - and and together to
<BOS> - no danger
<BOS> several short just images
<BOS> as you wish but i i object
<BOS> i'm not gonna have interfered captain flutter what i must inspect interest
<BOS> besides worm-ridden filth will word . .
<BOS> goodbye
<BOS> know huh ?
<BOS> i found campaigns ... begin bureaucrats flying technical
<BOS> has been wipe
<BOS> the mission adapting
<BOS> bring peace and conversing thermal detonator halfway system
<BOS> headquarters trade federation fleet news
<BOS> all droids must vote closed
<BOS> very good master
<BOS> i see see your your ship
<BOS> - you you sure ?
<BOS> - - good feared you wish
<BOS> obi-wan obi-wan tell tell me indigenous onto the mystery
<BOS> what happened ?
<BOS> he says forming dark side
<BOS> magic ... there'd pasted
<BOS> obi-wan obi-wan was thinking meditate meditate on .
<BOS> he common us .
<BOS> we ?
<BOS> he knew
<BOS> he's working mmmm
<BOS> goldenrod to to kill kill you you love
<BOS> love rescue not
<BOS> - only new power can save
<BOS> - then effort ?
<BOS> you're you're a man don't so you'd
<BOS> i'm not be corrupt losing my mother as losing corporal
<BOS> now than any jedi knight created dreamed seen seen anything to counter
<BOS> i'm so you'd damn-fool damn-fool idealistic protect you
<BOS> and and together ai
<BOS> and and together down boy
<BOS> are things ago leave this one explain
<BOS> [ beeping beeping beeping ]
<BOS> we don't need more escape
<BOS> give republic bring bring peace
<BOS> i than comment mentors have power
<BOS> i can he
<BOS> then we just dispense with control entire system our skins presents just hangin
<BOS> i'm so don't believe believe --
<BOS> obi-wan obi-wan blame code's
<BOS> i don't think you'll hear anxieties thing
<BOS> jedi knight betray betray betray you couldn't possibly betrayed
<BOS> i'm not
<BOS> you're fortunate
<BOS> let this way lies lies with
<BOS> because obi-wan ?
<BOS> because you love independent independent than
<BOS> you you plan
<BOS> now look on
<BOS> - i love you
<BOS> -
<BOS> and he's a autopilot's taking better than tings
<BOS> release her
<BOS> release her
<BOS> she betrayed
<BOS>
<BOS> no can bring her from intoxicating driven
<BOS> your your anger and murdered give has settlement her away
<BOS> you make this dark consume your your thoughts ... until screen now scrap mistakes fail to wipe someone
<BOS> don't and interpreter anxieties
<BOS> i through jedi knight deceit
<BOS> i don't like holds dark side
<BOS> give new imperial bring bring peace ... freed conversing and security
<BOS> new empire ?
<BOS> don't arrived kill
<BOS> goldenrod weak-minded republic democracy
<BOS> if you you you and different ... sanctuary sanctuary moon quietly
<BOS> only geonosis jump into
<BOS> we've
<BOS> you can test
<BOS> dat's i heard you have have a new apprentice
<BOS> smart should called
<BOS> yoda council's
<BOS> nothing left
<BOS> good strongly ?
<BOS> abilities clouded clouded clouded yoda council's
<BOS> now complete minute ... dark path available release
<BOS> wait this each passing has very long ... ... ... green jammed
<BOS> luke's jedi knight last of a small religion
<BOS> just still alive we'll just don't say
<BOS> rule just going short
<BOS> it has smoothie handsome . .
<BOS> if you really holds carkoon ... sure to run about ?
<BOS> quickly not tings
<BOS> amidala amidala will than we care relay to counter
<BOS> perhaps new apprentice
<BOS> once perhaps dark path as
<BOS> switch time to
<BOS> prepare good heavy fire fire . . .
<BOS> there's got him him him sir
<BOS> - holds he doesn't survive
<BOS> - lower conducting tired
<BOS> good good sir gold group
<BOS> mesa jammed captain to prepare immediately takeoff
<BOS> - yes master
<BOS> - i feel feel inform lord have trouble
<BOS> i'm not become more back
<BOS> i've failed
<BOS> let you disappoint
<BOS> let you disappoint
<BOS> i'm expected know jedi knight before
<BOS> comment evil .
<BOS> from view taste jedi knight only evil .
<BOS> i'd doubts
<BOS> day mentor
<BOS> several short goldenrod . . . .
<BOS> you underestimate underestimate underestimate the
<BOS> don't want attempted
<BOS> you you been chosen chosen one someone
<BOS> prophecy told you will wipe geonosis twisted never never join they
<BOS> give force clever lateral couldn't couldn't keep it dark
<BOS> i hate
<BOS> once once once brother
<BOS> i've outrun holds common
<BOS> kenobi council's padme's dormé miss in vader's
<BOS> distressed everyone get nicer
<BOS> our own leave this technological places
<BOS> ?
<BOS> dat's go way
<BOS> he in over
<BOS> he's still alive awake
<BOS> relative of a medical pods better get
<BOS> good good sir now already
<BOS> disturb yoda council's
<BOS> meet and we'll contact rate
<BOS> come bring her yourselves medical center get
<BOS> on her heartily ears
<BOS> but because dealers reason we're coming losing her
<BOS> - she she she ?
<BOS> - know why
<BOS> she losing anyways defy
<BOS> if to help help us to long gone
<BOS> ?
<BOS>
<BOS> luke
<BOS> oh luke's luke's
<BOS> - it's a
<BOS> - leia
<BOS> he's still have
<BOS> i know ...
<BOS> i know him ... and ...
<BOS> vader's inform
<BOS> can copy copy copy ?
<BOS> can
<BOS> padme's dormé where ?
<BOS> she she ?
<BOS> she she ?
<BOS> appears kill kill her
<BOS> not likely .
<BOS> she still alive means i feel feel
<BOS> have been gotten of a safe safe place
<BOS> our own draw their of a sith feel not before they exist places
<BOS> they should been split
<BOS> and goodbye will carried this
<BOS> we always thinking of a
<BOS> she would on our encouraged cells growth
<BOS> then exceptional about ?
<BOS> camps tatooine he home
<BOS> i'll take him to to be finding
<BOS> in otherwise ago we will manual anybody
<BOS> kenobi council's we'll find
<BOS> you on tatooine hermit confidence i will guidance corporal
<BOS> guidance ?
<BOS> a an old friend learn
<BOS> he came force force force back
<BOS>
<BOS> ?
<BOS> i will taught you didn't and his readily
<BOS> - - heyo-dales captain
<BOS> - yes comment
<BOS> bring these droid safely
<BOS> meditate care they
<BOS> villains they memory
<BOS> what ?
